\BOOKMARK [1][-]{section.1}{\376\377\0001\000\040\000M\000a\000i\000n\000\040\000P\000a\000g\000e}{}% 1
\BOOKMARK [1][-]{section.2}{\376\377\0002\000\040\000C\000l\000a\000s\000s\000\040\000I\000n\000d\000e\000x}{}% 2
\BOOKMARK [2][-]{subsection.2.1}{\376\377\0002\000.\0001\000\040\000C\000l\000a\000s\000s\000\040\000L\000i\000s\000t}{section.2}% 3
\BOOKMARK [1][-]{section.3}{\376\377\0003\000\040\000F\000i\000l\000e\000\040\000I\000n\000d\000e\000x}{}% 4
\BOOKMARK [2][-]{subsection.3.1}{\376\377\0003\000.\0001\000\040\000F\000i\000l\000e\000\040\000L\000i\000s\000t}{section.3}% 5
\BOOKMARK [1][-]{section.4}{\376\377\0004\000\040\000C\000l\000a\000s\000s\000\040\000D\000o\000c\000u\000m\000e\000n\000t\000a\000t\000i\000o\000n}{}% 6
\BOOKMARK [2][-]{subsection.4.1}{\376\377\0004\000.\0001\000\040\000C\000R\000C\0008\000\040\000C\000l\000a\000s\000s\000\040\000R\000e\000f\000e\000r\000e\000n\000c\000e}{section.4}% 7
\BOOKMARK [3][-]{subsubsection.4.1.1}{\376\377\0004\000.\0001\000.\0001\000\040\000D\000e\000t\000a\000i\000l\000e\000d\000\040\000D\000e\000s\000c\000r\000i\000p\000t\000i\000o\000n}{subsection.4.1}% 8
\BOOKMARK [3][-]{subsubsection.4.1.2}{\376\377\0004\000.\0001\000.\0002\000\040\000C\000o\000n\000s\000t\000r\000u\000c\000t\000o\000r\000\040\000\046\000\040\000D\000e\000s\000t\000r\000u\000c\000t\000o\000r\000\040\000D\000o\000c\000u\000m\000e\000n\000t\000a\000t\000i\000o\000n}{subsection.4.1}% 9
\BOOKMARK [3][-]{subsubsection.4.1.3}{\376\377\0004\000.\0001\000.\0003\000\040\000M\000e\000m\000b\000e\000r\000\040\000F\000u\000n\000c\000t\000i\000o\000n\000\040\000D\000o\000c\000u\000m\000e\000n\000t\000a\000t\000i\000o\000n}{subsection.4.1}% 10
\BOOKMARK [2][-]{subsection.4.2}{\376\377\0004\000.\0002\000\040\000d\000e\000f\000a\000u\000l\000t\000E\000E\000P\000r\000o\000m\000D\000a\000t\000a\000\040\000S\000t\000r\000u\000c\000t\000\040\000R\000e\000f\000e\000r\000e\000n\000c\000e}{section.4}% 11
\BOOKMARK [3][-]{subsubsection.4.2.1}{\376\377\0004\000.\0002\000.\0001\000\040\000D\000e\000t\000a\000i\000l\000e\000d\000\040\000D\000e\000s\000c\000r\000i\000p\000t\000i\000o\000n}{subsection.4.2}% 12
\BOOKMARK [2][-]{subsection.4.3}{\376\377\0004\000.\0003\000\040\000M\000L\000X\0009\0000\0006\0001\0004\000\040\000C\000l\000a\000s\000s\000\040\000R\000e\000f\000e\000r\000e\000n\000c\000e}{section.4}% 13
\BOOKMARK [3][-]{subsubsection.4.3.1}{\376\377\0004\000.\0003\000.\0001\000\040\000D\000e\000t\000a\000i\000l\000e\000d\000\040\000D\000e\000s\000c\000r\000i\000p\000t\000i\000o\000n}{subsection.4.3}% 14
\BOOKMARK [3][-]{subsubsection.4.3.2}{\376\377\0004\000.\0003\000.\0002\000\040\000M\000e\000m\000b\000e\000r\000\040\000E\000n\000u\000m\000e\000r\000a\000t\000i\000o\000n\000\040\000D\000o\000c\000u\000m\000e\000n\000t\000a\000t\000i\000o\000n}{subsection.4.3}% 15
\BOOKMARK [3][-]{subsubsection.4.3.3}{\376\377\0004\000.\0003\000.\0003\000\040\000C\000o\000n\000s\000t\000r\000u\000c\000t\000o\000r\000\040\000\046\000\040\000D\000e\000s\000t\000r\000u\000c\000t\000o\000r\000\040\000D\000o\000c\000u\000m\000e\000n\000t\000a\000t\000i\000o\000n}{subsection.4.3}% 16
\BOOKMARK [3][-]{subsubsection.4.3.4}{\376\377\0004\000.\0003\000.\0004\000\040\000M\000e\000m\000b\000e\000r\000\040\000F\000u\000n\000c\000t\000i\000o\000n\000\040\000D\000o\000c\000u\000m\000e\000n\000t\000a\000t\000i\000o\000n}{subsection.4.3}% 17
\BOOKMARK [3][-]{subsubsection.4.3.5}{\376\377\0004\000.\0003\000.\0005\000\040\000M\000e\000m\000b\000e\000r\000\040\000D\000a\000t\000a\000\040\000D\000o\000c\000u\000m\000e\000n\000t\000a\000t\000i\000o\000n}{subsection.4.3}% 18
\BOOKMARK [1][-]{section.5}{\376\377\0005\000\040\000F\000i\000l\000e\000\040\000D\000o\000c\000u\000m\000e\000n\000t\000a\000t\000i\000o\000n}{}% 19
\BOOKMARK [2][-]{subsection.5.1}{\376\377\0005\000.\0001\000\040\000C\000r\000c\0008\000.\000c\000p\000p\000\040\000F\000i\000l\000e\000\040\000R\000e\000f\000e\000r\000e\000n\000c\000e}{section.5}% 20
\BOOKMARK [3][-]{subsubsection.5.1.1}{\376\377\0005\000.\0001\000.\0001\000\040\000D\000e\000t\000a\000i\000l\000e\000d\000\040\000D\000e\000s\000c\000r\000i\000p\000t\000i\000o\000n}{subsection.5.1}% 21
\BOOKMARK [2][-]{subsection.5.2}{\376\377\0005\000.\0002\000\040\000C\000r\000c\0008\000.\000c\000p\000p}{section.5}% 22
\BOOKMARK [2][-]{subsection.5.3}{\376\377\0005\000.\0003\000\040\000C\000r\000c\0008\000.\000h\000\040\000F\000i\000l\000e\000\040\000R\000e\000f\000e\000r\000e\000n\000c\000e}{section.5}% 23
\BOOKMARK [3][-]{subsubsection.5.3.1}{\376\377\0005\000.\0003\000.\0001\000\040\000D\000e\000t\000a\000i\000l\000e\000d\000\040\000D\000e\000s\000c\000r\000i\000p\000t\000i\000o\000n}{subsection.5.3}% 24
\BOOKMARK [3][-]{subsubsection.5.3.2}{\376\377\0005\000.\0003\000.\0002\000\040\000M\000a\000c\000r\000o\000\040\000D\000e\000f\000i\000n\000i\000t\000i\000o\000n\000\040\000D\000o\000c\000u\000m\000e\000n\000t\000a\000t\000i\000o\000n}{subsection.5.3}% 25
\BOOKMARK [2][-]{subsection.5.4}{\376\377\0005\000.\0004\000\040\000C\000r\000c\0008\000.\000h}{section.5}% 26
\BOOKMARK [2][-]{subsection.5.5}{\376\377\0005\000.\0005\000\040\000M\000e\000l\000e\000x\000i\000s\000T\000e\000s\000t\000.\000i\000n\000o\000\040\000F\000i\000l\000e\000\040\000R\000e\000f\000e\000r\000e\000n\000c\000e}{section.5}% 27
\BOOKMARK [3][-]{subsubsection.5.5.1}{\376\377\0005\000.\0005\000.\0001\000\040\000D\000e\000t\000a\000i\000l\000e\000d\000\040\000D\000e\000s\000c\000r\000i\000p\000t\000i\000o\000n}{subsection.5.5}% 28
\BOOKMARK [3][-]{subsubsection.5.5.2}{\376\377\0005\000.\0005\000.\0002\000\040\000F\000u\000n\000c\000t\000i\000o\000n\000\040\000D\000o\000c\000u\000m\000e\000n\000t\000a\000t\000i\000o\000n}{subsection.5.5}% 29
\BOOKMARK [3][-]{subsubsection.5.5.3}{\376\377\0005\000.\0005\000.\0003\000\040\000V\000a\000r\000i\000a\000b\000l\000e\000\040\000D\000o\000c\000u\000m\000e\000n\000t\000a\000t\000i\000o\000n}{subsection.5.5}% 30
\BOOKMARK [2][-]{subsection.5.6}{\376\377\0005\000.\0006\000\040\000M\000e\000l\000e\000x\000i\000s\000T\000e\000s\000t\000.\000i\000n\000o}{section.5}% 31
\BOOKMARK [2][-]{subsection.5.7}{\376\377\0005\000.\0007\000\040\000M\000L\000X\0009\0000\0006\0001\0004\000.\000c\000p\000p\000\040\000F\000i\000l\000e\000\040\000R\000e\000f\000e\000r\000e\000n\000c\000e}{section.5}% 32
\BOOKMARK [3][-]{subsubsection.5.7.1}{\376\377\0005\000.\0007\000.\0001\000\040\000D\000e\000t\000a\000i\000l\000e\000d\000\040\000D\000e\000s\000c\000r\000i\000p\000t\000i\000o\000n}{subsection.5.7}% 33
\BOOKMARK [2][-]{subsection.5.8}{\376\377\0005\000.\0008\000\040\000M\000L\000X\0009\0000\0006\0001\0004\000.\000c\000p\000p}{section.5}% 34
