This is pdfTeX, Version 3.1415926-2.4-1.40.13 (MiKTeX 2.9 64-bit) (preloaded format=pdflatex 2018.2.27)  16 SEP 2019 14:39
entering extended mode
**refman
(D:\Users\jfitter\Documents\GitHub\MLX90614\latex\refman.tex
LaTeX2e <2011/06/27>
Babel <v3.8m> and hyphenation patterns for english, afrikaans, ancientgreek, ar
abic, armenian, assamese, basque, bengali, bokmal, bulgarian, catalan, coptic, 
croatian, czech, danish, dutch, esperanto, estonian, farsi, finnish, french, ga
lician, german, german-x-2012-05-30, greek, gujarati, hindi, hungarian, iceland
ic, indonesian, interlingua, irish, italian, kannada, kurmanji, latin, latvian,
 lithuanian, malayalam, marathi, mongolian, mongolianlmc, monogreek, ngerman, n
german-x-2012-05-30, nynorsk, oriya, panjabi, pinyin, polish, portuguese, roman
ian, russian, sanskrit, serbian, slovak, slovenian, spanish, swedish, swissgerm
an, tamil, telugu, turkish, turkmen, ukenglish, ukrainian, uppersorbian, usengl
ishmax, welsh, loaded.

("d:\Program Files\MiKTeX 2.9\tex\latex\base\article.cls"
Document Class: article 2007/10/19 v1.4h Standard LaTeX document class
("d:\Program Files\MiKTeX 2.9\tex\latex\base\size10.clo"
File: size10.clo 2007/10/19 v1.4h Standard LaTeX file (size option)
)
\c@part=\count79
\c@section=\count80
\c@subsection=\count81
\c@subsubsection=\count82
\c@paragraph=\count83
\c@subparagraph=\count84
\c@figure=\count85
\c@table=\count86
\abovecaptionskip=\skip41
\belowcaptionskip=\skip42
\bibindent=\dimen102
) ("d:\Program Files\MiKTeX 2.9\tex\latex\base\fixltx2e.sty"
Package: fixltx2e 2006/09/13 v1.1m fixes to LaTeX
LaTeX Info: Redefining \em on input line 420.
) ("d:\Program Files\MiKTeX 2.9\tex\latex\tools\calc.sty"
Package: calc 2007/08/22 v4.3 Infix arithmetic (KKT,FJ)
\calc@Acount=\count87
\calc@Bcount=\count88
\calc@Adimen=\dimen103
\calc@Bdimen=\dimen104
\calc@Askip=\skip43
\calc@Bskip=\skip44
LaTeX Info: Redefining \setlength on input line 76.
LaTeX Info: Redefining \addtolength on input line 77.
\calc@Ccount=\count89
\calc@Cskip=\skip45
) (D:\Users\jfitter\Documents\GitHub\MLX90614\latex\doxygen.sty
Package: doxygen 
("d:\Program Files\MiKTeX 2.9\tex\latex\base\alltt.sty"
Package: alltt 1997/06/16 v2.0g defines alltt environment
) ("d:\Program Files\MiKTeX 2.9\tex\latex\tools\array.sty"
Package: array 2008/09/09 v2.4c Tabular extension package (FMi)
\col@sep=\dimen105
\extrarowheight=\dimen106
\NC@list=\toks14
\extratabsurround=\skip46
\backup@length=\skip47
) ("d:\Program Files\MiKTeX 2.9\tex\latex\float\float.sty"
Package: float 2001/11/08 v1.3d Float enhancements (AL)
\c@float@type=\count90
\float@exts=\toks15
\float@box=\box26
\@float@everytoks=\toks16
\@floatcapt=\box27
) ("d:\Program Files\MiKTeX 2.9\tex\latex\base\ifthen.sty"
Package: ifthen 2001/05/26 v1.1c Standard LaTeX ifthen package (DPC)
) ("d:\Program Files\MiKTeX 2.9\tex\latex\tools\verbatim.sty"
Package: verbatim 2003/08/22 v1.5q LaTeX2e package for verbatim enhancements
\every@verbatim=\toks17
\verbatim@line=\toks18
\verbatim@in@stream=\read1
) ("d:\Program Files\MiKTeX 2.9\tex\latex\xcolor\xcolor.sty"
Package: xcolor 2007/01/21 v2.11 LaTeX color extensions (UK)
("d:\Program Files\MiKTeX 2.9\tex\latex\00miktex\color.cfg"
File: color.cfg 2007/01/18 v1.5 color configuration of teTeX/TeXLive
)
Package xcolor Info: Driver file: pdftex.def on input line 225.
("d:\Program Files\MiKTeX 2.9\tex\latex\pdftex-def\pdftex.def"
File: pdftex.def 2011/05/27 v0.06d Graphics/color for pdfTeX
("d:\Program Files\MiKTeX 2.9\tex\generic\oberdiek\infwarerr.sty"
Package: infwarerr 2010/04/08 v1.3 Providing info/warning/error messages (HO)
) ("d:\Program Files\MiKTeX 2.9\tex\generic\oberdiek\ltxcmds.sty"
Package: ltxcmds 2011/11/09 v1.22 LaTeX kernel commands for general use (HO)
)
\Gread@gobject=\count91
) ("d:\Program Files\MiKTeX 2.9\tex\latex\colortbl\colortbl.sty"
Package: colortbl 2012/02/13 v1.0a Color table columns (DPC)
\everycr=\toks19
\minrowclearance=\skip48
)
\rownum=\count92
Package xcolor Info: Model `cmy' substituted by `cmy0' on input line 1337.
Package xcolor Info: Model `hsb' substituted by `rgb' on input line 1341.
Package xcolor Info: Model `RGB' extended on input line 1353.
Package xcolor Info: Model `HTML' substituted by `rgb' on input line 1355.
Package xcolor Info: Model `Hsb' substituted by `hsb' on input line 1356.
Package xcolor Info: Model `tHsb' substituted by `hsb' on input line 1357.
Package xcolor Info: Model `HSB' substituted by `hsb' on input line 1358.
Package xcolor Info: Model `Gray' substituted by `gray' on input line 1359.
Package xcolor Info: Model `wave' substituted by `hsb' on input line 1360.
) ("d:\Program Files\MiKTeX 2.9\tex\latex\tools\longtable.sty"
Package: longtable 2004/02/01 v4.11 Multi-page Table package (DPC)
\LTleft=\skip49
\LTright=\skip50
\LTpre=\skip51
\LTpost=\skip52
\LTchunksize=\count93
\LTcapwidth=\dimen107
\LT@head=\box28
\LT@firsthead=\box29
\LT@foot=\box30
\LT@lastfoot=\box31
\LT@cols=\count94
\LT@rows=\count95
\c@LT@tables=\count96
\c@LT@chunks=\count97
\LT@p@ftn=\toks20
) ("d:\Program Files\MiKTeX 2.9\tex\latex\tabu\tabu.sty"
Package: tabu 2011/02/26 v2.8 - flexible LaTeX tabulars (FC)
("d:\Program Files\MiKTeX 2.9\tex\latex\ltxmisc\varwidth.sty"
Package: varwidth 2009/03/30 ver 0.92;  Variable-width minipages
\@vwid@box=\box32
\sift@deathcycles=\count98
\@vwid@loff=\dimen108
\@vwid@roff=\dimen109
)
\c@taburow=\count99
\tabu@nbcols=\count100
\tabu@cnt=\count101
\tabu@Xcol=\count102
\tabu@alloc=\count103
\tabu@nested=\count104
\tabu@target=\dimen110
\tabu@spreadtarget=\dimen111
\tabu@naturalX=\dimen112
\tabucolX=\dimen113
\tabu@Xsum=\dimen114
\extrarowdepth=\dimen115
\abovetabulinesep=\dimen116
\belowtabulinesep=\dimen117
\tabustrutrule=\dimen118
\tabu@thebody=\toks21
\tabu@footnotes=\toks22
\tabu@box=\box33
\tabu@arstrutbox=\box34
\tabu@hleads=\box35
\tabu@vleads=\box36
\tabu@cellskip=\skip53
) ("d:\Program Files\MiKTeX 2.9\tex\latex\tools\tabularx.sty"
Package: tabularx 1999/01/07 v2.07 `tabularx' package (DPC)
\TX@col@width=\dimen119
\TX@old@table=\dimen120
\TX@old@col=\dimen121
\TX@target=\dimen122
\TX@delta=\dimen123
\TX@cols=\count105
\TX@ftn=\toks23
) ("d:\Program Files\MiKTeX 2.9\tex\latex\multirow\multirow.sty"
\bigstrutjot=\dimen124
)
\xrefbox=\box37
\xreflength=\skip54
) ("d:\Program Files\MiKTeX 2.9\tex\latex\adjustbox\adjustbox.sty"
Package: adjustbox 2012/05/21 v1.0 Adjusting TeX boxes (trim, clip, ...)
("d:\Program Files\MiKTeX 2.9\tex\latex\xkeyval\xkeyval.sty"
Package: xkeyval 2012/10/14 v2.6b package option processing (HA)
("d:\Program Files\MiKTeX 2.9\tex\generic\xkeyval\xkeyval.tex"
\XKV@toks=\toks24
\XKV@tempa@toks=\toks25
\XKV@depth=\count106
File: xkeyval.tex 2012/10/14 v2.6b key=value parser (HA)
("d:\Program Files\MiKTeX 2.9\tex\generic\xkeyval\keyval.tex"))) ("d:\Program F
iles\MiKTeX 2.9\tex\latex\adjustbox\adjcalc.sty"
Package: adjcalc 2012/05/16 v1.1 Provides advanced setlength with multiple back
-ends (calc, etex, pgfmath)
) ("d:\Program Files\MiKTeX 2.9\tex\latex\adjustbox\trimclip.sty"
Package: trimclip 2012/05/16 v1.0 Trim and clip general TeX material
("d:\Program Files\MiKTeX 2.9\tex\latex\graphics\graphicx.sty"
Package: graphicx 1999/02/16 v1.0f Enhanced LaTeX Graphics (DPC,SPQR)
("d:\Program Files\MiKTeX 2.9\tex\latex\graphics\graphics.sty"
Package: graphics 2009/02/05 v1.0o Standard LaTeX Graphics (DPC,SPQR)
("d:\Program Files\MiKTeX 2.9\tex\latex\graphics\trig.sty"
Package: trig 1999/03/16 v1.09 sin cos tan (DPC)
) ("d:\Program Files\MiKTeX 2.9\tex\latex\00miktex\graphics.cfg"
File: graphics.cfg 2007/01/18 v1.5 graphics configuration of teTeX/TeXLive
)
Package graphics Info: Driver file: pdftex.def on input line 91.
)
\Gin@req@height=\dimen125
\Gin@req@width=\dimen126
) ("d:\Program Files\MiKTeX 2.9\tex\latex\collectbox\collectbox.sty"
Package: collectbox 2012/05/17 v0.4b Collect macro arguments as boxes
\collectedbox=\box38
)
\tc@llx=\dimen127
\tc@lly=\dimen128
\tc@urx=\dimen129
\tc@ury=\dimen130
Package trimclip Info: Using driver 'tc-pdftex.def'.
("d:\Program Files\MiKTeX 2.9\tex\latex\adjustbox\tc-pdftex.def"
File: tc-pdftex.def 2012/05/13 v1.0 Clipping driver for pdftex
))
\adjbox@Width=\dimen131
\adjbox@Height=\dimen132
\adjbox@Depth=\dimen133
\adjbox@Totalheight=\dimen134
("d:\Program Files\MiKTeX 2.9\tex\latex\ifoddpage\ifoddpage.sty"
Package: ifoddpage 2011/09/13 v1.0 Conditionals for odd/even page detection
\c@checkoddpage=\count107
)) ("d:\Program Files\MiKTeX 2.9\tex\latex\base\inputenc.sty"
Package: inputenc 2008/03/30 v1.1d Input encoding file
\inpenc@prehook=\toks26
\inpenc@posthook=\toks27
("d:\Program Files\MiKTeX 2.9\tex\latex\base\utf8.def"
File: utf8.def 2008/04/05 v1.1m UTF-8 support for inputenc
Now handling font encoding OML ...
... no UTF-8 mapping file for font encoding OML
Now handling font encoding T1 ...
... processing UTF-8 mapping file for font encoding T1
("d:\Program Files\MiKTeX 2.9\tex\latex\base\t1enc.dfu"
File: t1enc.dfu 2008/04/05 v1.1m UTF-8 support for inputenc
   defining Unicode char U+00A1 (decimal 161)
   defining Unicode char U+00A3 (decimal 163)
   defining Unicode char U+00AB (decimal 171)
   defining Unicode char U+00BB (decimal 187)
   defining Unicode char U+00BF (decimal 191)
   defining Unicode char U+00C0 (decimal 192)
   defining Unicode char U+00C1 (decimal 193)
   defining Unicode char U+00C2 (decimal 194)
   defining Unicode char U+00C3 (decimal 195)
   defining Unicode char U+00C4 (decimal 196)
   defining Unicode char U+00C5 (decimal 197)
   defining Unicode char U+00C6 (decimal 198)
   defining Unicode char U+00C7 (decimal 199)
   defining Unicode char U+00C8 (decimal 200)
   defining Unicode char U+00C9 (decimal 201)
   defining Unicode char U+00CA (decimal 202)
   defining Unicode char U+00CB (decimal 203)
   defining Unicode char U+00CC (decimal 204)
   defining Unicode char U+00CD (decimal 205)
   defining Unicode char U+00CE (decimal 206)
   defining Unicode char U+00CF (decimal 207)
   defining Unicode char U+00D0 (decimal 208)
   defining Unicode char U+00D1 (decimal 209)
   defining Unicode char U+00D2 (decimal 210)
   defining Unicode char U+00D3 (decimal 211)
   defining Unicode char U+00D4 (decimal 212)
   defining Unicode char U+00D5 (decimal 213)
   defining Unicode char U+00D6 (decimal 214)
   defining Unicode char U+00D8 (decimal 216)
   defining Unicode char U+00D9 (decimal 217)
   defining Unicode char U+00DA (decimal 218)
   defining Unicode char U+00DB (decimal 219)
   defining Unicode char U+00DC (decimal 220)
   defining Unicode char U+00DD (decimal 221)
   defining Unicode char U+00DE (decimal 222)
   defining Unicode char U+00DF (decimal 223)
   defining Unicode char U+00E0 (decimal 224)
   defining Unicode char U+00E1 (decimal 225)
   defining Unicode char U+00E2 (decimal 226)
   defining Unicode char U+00E3 (decimal 227)
   defining Unicode char U+00E4 (decimal 228)
   defining Unicode char U+00E5 (decimal 229)
   defining Unicode char U+00E6 (decimal 230)
   defining Unicode char U+00E7 (decimal 231)
   defining Unicode char U+00E8 (decimal 232)
   defining Unicode char U+00E9 (decimal 233)
   defining Unicode char U+00EA (decimal 234)
   defining Unicode char U+00EB (decimal 235)
   defining Unicode char U+00EC (decimal 236)
   defining Unicode char U+00ED (decimal 237)
   defining Unicode char U+00EE (decimal 238)
   defining Unicode char U+00EF (decimal 239)
   defining Unicode char U+00F0 (decimal 240)
   defining Unicode char U+00F1 (decimal 241)
   defining Unicode char U+00F2 (decimal 242)
   defining Unicode char U+00F3 (decimal 243)
   defining Unicode char U+00F4 (decimal 244)
   defining Unicode char U+00F5 (decimal 245)
   defining Unicode char U+00F6 (decimal 246)
   defining Unicode char U+00F8 (decimal 248)
   defining Unicode char U+00F9 (decimal 249)
   defining Unicode char U+00FA (decimal 250)
   defining Unicode char U+00FB (decimal 251)
   defining Unicode char U+00FC (decimal 252)
   defining Unicode char U+00FD (decimal 253)
   defining Unicode char U+00FE (decimal 254)
   defining Unicode char U+00FF (decimal 255)
   defining Unicode char U+0102 (decimal 258)
   defining Unicode char U+0103 (decimal 259)
   defining Unicode char U+0104 (decimal 260)
   defining Unicode char U+0105 (decimal 261)
   defining Unicode char U+0106 (decimal 262)
   defining Unicode char U+0107 (decimal 263)
   defining Unicode char U+010C (decimal 268)
   defining Unicode char U+010D (decimal 269)
   defining Unicode char U+010E (decimal 270)
   defining Unicode char U+010F (decimal 271)
   defining Unicode char U+0110 (decimal 272)
   defining Unicode char U+0111 (decimal 273)
   defining Unicode char U+0118 (decimal 280)
   defining Unicode char U+0119 (decimal 281)
   defining Unicode char U+011A (decimal 282)
   defining Unicode char U+011B (decimal 283)
   defining Unicode char U+011E (decimal 286)
   defining Unicode char U+011F (decimal 287)
   defining Unicode char U+0130 (decimal 304)
   defining Unicode char U+0131 (decimal 305)
   defining Unicode char U+0132 (decimal 306)
   defining Unicode char U+0133 (decimal 307)
   defining Unicode char U+0139 (decimal 313)
   defining Unicode char U+013A (decimal 314)
   defining Unicode char U+013D (decimal 317)
   defining Unicode char U+013E (decimal 318)
   defining Unicode char U+0141 (decimal 321)
   defining Unicode char U+0142 (decimal 322)
   defining Unicode char U+0143 (decimal 323)
   defining Unicode char U+0144 (decimal 324)
   defining Unicode char U+0147 (decimal 327)
   defining Unicode char U+0148 (decimal 328)
   defining Unicode char U+014A (decimal 330)
   defining Unicode char U+014B (decimal 331)
   defining Unicode char U+0150 (decimal 336)
   defining Unicode char U+0151 (decimal 337)
   defining Unicode char U+0152 (decimal 338)
   defining Unicode char U+0153 (decimal 339)
   defining Unicode char U+0154 (decimal 340)
   defining Unicode char U+0155 (decimal 341)
   defining Unicode char U+0158 (decimal 344)
   defining Unicode char U+0159 (decimal 345)
   defining Unicode char U+015A (decimal 346)
   defining Unicode char U+015B (decimal 347)
   defining Unicode char U+015E (decimal 350)
   defining Unicode char U+015F (decimal 351)
   defining Unicode char U+0160 (decimal 352)
   defining Unicode char U+0161 (decimal 353)
   defining Unicode char U+0162 (decimal 354)
   defining Unicode char U+0163 (decimal 355)
   defining Unicode char U+0164 (decimal 356)
   defining Unicode char U+0165 (decimal 357)
   defining Unicode char U+016E (decimal 366)
   defining Unicode char U+016F (decimal 367)
   defining Unicode char U+0170 (decimal 368)
   defining Unicode char U+0171 (decimal 369)
   defining Unicode char U+0178 (decimal 376)
   defining Unicode char U+0179 (decimal 377)
   defining Unicode char U+017A (decimal 378)
   defining Unicode char U+017B (decimal 379)
   defining Unicode char U+017C (decimal 380)
   defining Unicode char U+017D (decimal 381)
   defining Unicode char U+017E (decimal 382)
   defining Unicode char U+200C (decimal 8204)
   defining Unicode char U+2013 (decimal 8211)
   defining Unicode char U+2014 (decimal 8212)
   defining Unicode char U+2018 (decimal 8216)
   defining Unicode char U+2019 (decimal 8217)
   defining Unicode char U+201A (decimal 8218)
   defining Unicode char U+201C (decimal 8220)
   defining Unicode char U+201D (decimal 8221)
   defining Unicode char U+201E (decimal 8222)
   defining Unicode char U+2030 (decimal 8240)
   defining Unicode char U+2031 (decimal 8241)
   defining Unicode char U+2039 (decimal 8249)
   defining Unicode char U+203A (decimal 8250)
   defining Unicode char U+2423 (decimal 9251)
)
Now handling font encoding OT1 ...
... processing UTF-8 mapping file for font encoding OT1
("d:\Program Files\MiKTeX 2.9\tex\latex\base\ot1enc.dfu"
File: ot1enc.dfu 2008/04/05 v1.1m UTF-8 support for inputenc
   defining Unicode char U+00A1 (decimal 161)
   defining Unicode char U+00A3 (decimal 163)
   defining Unicode char U+00B8 (decimal 184)
   defining Unicode char U+00BF (decimal 191)
   defining Unicode char U+00C5 (decimal 197)
   defining Unicode char U+00C6 (decimal 198)
   defining Unicode char U+00D8 (decimal 216)
   defining Unicode char U+00DF (decimal 223)
   defining Unicode char U+00E6 (decimal 230)
   defining Unicode char U+00EC (decimal 236)
   defining Unicode char U+00ED (decimal 237)
   defining Unicode char U+00EE (decimal 238)
   defining Unicode char U+00EF (decimal 239)
   defining Unicode char U+00F8 (decimal 248)
   defining Unicode char U+0131 (decimal 305)
   defining Unicode char U+0141 (decimal 321)
   defining Unicode char U+0142 (decimal 322)
   defining Unicode char U+0152 (decimal 338)
   defining Unicode char U+0153 (decimal 339)
   defining Unicode char U+2013 (decimal 8211)
   defining Unicode char U+2014 (decimal 8212)
   defining Unicode char U+2018 (decimal 8216)
   defining Unicode char U+2019 (decimal 8217)
   defining Unicode char U+201C (decimal 8220)
   defining Unicode char U+201D (decimal 8221)
)
Now handling font encoding OMS ...
... processing UTF-8 mapping file for font encoding OMS
("d:\Program Files\MiKTeX 2.9\tex\latex\base\omsenc.dfu"
File: omsenc.dfu 2008/04/05 v1.1m UTF-8 support for inputenc
   defining Unicode char U+00A7 (decimal 167)
   defining Unicode char U+00B6 (decimal 182)
   defining Unicode char U+00B7 (decimal 183)
   defining Unicode char U+2020 (decimal 8224)
   defining Unicode char U+2021 (decimal 8225)
   defining Unicode char U+2022 (decimal 8226)
)
Now handling font encoding OMX ...
... no UTF-8 mapping file for font encoding OMX
Now handling font encoding U ...
... no UTF-8 mapping file for font encoding U
   defining Unicode char U+00A9 (decimal 169)
   defining Unicode char U+00AA (decimal 170)
   defining Unicode char U+00AE (decimal 174)
   defining Unicode char U+00BA (decimal 186)
   defining Unicode char U+02C6 (decimal 710)
   defining Unicode char U+02DC (decimal 732)
   defining Unicode char U+200C (decimal 8204)
   defining Unicode char U+2026 (decimal 8230)
   defining Unicode char U+2122 (decimal 8482)
   defining Unicode char U+2423 (decimal 9251)
)) ("d:\Program Files\MiKTeX 2.9\tex\latex\base\makeidx.sty"
Package: makeidx 2000/03/29 v1.0m Standard LaTeX package
) ("d:\Program Files\MiKTeX 2.9\tex\latex\tools\multicol.sty"
Package: multicol 2011/06/27 v1.7a multicolumn formatting (FMi)
\c@tracingmulticols=\count108
\mult@box=\box39
\multicol@leftmargin=\dimen135
\c@unbalance=\count109
\c@collectmore=\count110
\doublecol@number=\count111
\multicoltolerance=\count112
\multicolpretolerance=\count113
\full@width=\dimen136
\page@free=\dimen137
\premulticols=\dimen138
\postmulticols=\dimen139
\multicolsep=\skip55
\multicolbaselineskip=\skip56
\partial@page=\box40
\last@line=\box41
\mult@rightbox=\box42
\mult@grightbox=\box43
\mult@gfirstbox=\box44
\mult@firstbox=\box45
\@tempa=\box46
\@tempa=\box47
\@tempa=\box48
\@tempa=\box49
\@tempa=\box50
\@tempa=\box51
\@tempa=\box52
\@tempa=\box53
\@tempa=\box54
\@tempa=\box55
\@tempa=\box56
\@tempa=\box57
\@tempa=\box58
\@tempa=\box59
\@tempa=\box60
\@tempa=\box61
\@tempa=\box62
\c@columnbadness=\count114
\c@finalcolumnbadness=\count115
\last@try=\dimen140
\multicolovershoot=\dimen141
\multicolundershoot=\dimen142
\mult@nat@firstbox=\box63
\colbreak@box=\box64
\multicol@sort@counter=\count116
) ("d:\Program Files\MiKTeX 2.9\tex\latex\base\textcomp.sty"
Package: textcomp 2005/09/27 v1.99g Standard LaTeX package
Package textcomp Info: Sub-encoding information:
(textcomp)               5 = only ISO-Adobe without \textcurrency
(textcomp)               4 = 5 + \texteuro
(textcomp)               3 = 4 + \textohm
(textcomp)               2 = 3 + \textestimated + \textcurrency
(textcomp)               1 = TS1 - \textcircled - \t
(textcomp)               0 = TS1 (full)
(textcomp)             Font families with sub-encoding setting implement
(textcomp)             only a restricted character set as indicated.
(textcomp)             Family '?' is the default used for unknown fonts.
(textcomp)             See the documentation for details.
Package textcomp Info: Setting ? sub-encoding to TS1/1 on input line 71.
("d:\Program Files\MiKTeX 2.9\tex\latex\base\ts1enc.def"
File: ts1enc.def 2001/06/05 v3.0e (jk/car/fm) Standard LaTeX file
Now handling font encoding TS1 ...
... processing UTF-8 mapping file for font encoding TS1
("d:\Program Files\MiKTeX 2.9\tex\latex\base\ts1enc.dfu"
File: ts1enc.dfu 2008/04/05 v1.1m UTF-8 support for inputenc
   defining Unicode char U+00A2 (decimal 162)
   defining Unicode char U+00A3 (decimal 163)
   defining Unicode char U+00A4 (decimal 164)
   defining Unicode char U+00A5 (decimal 165)
   defining Unicode char U+00A6 (decimal 166)
   defining Unicode char U+00A7 (decimal 167)
   defining Unicode char U+00A8 (decimal 168)
   defining Unicode char U+00A9 (decimal 169)
   defining Unicode char U+00AA (decimal 170)
   defining Unicode char U+00AC (decimal 172)
   defining Unicode char U+00AE (decimal 174)
   defining Unicode char U+00AF (decimal 175)
   defining Unicode char U+00B0 (decimal 176)
   defining Unicode char U+00B1 (decimal 177)
   defining Unicode char U+00B2 (decimal 178)
   defining Unicode char U+00B3 (decimal 179)
   defining Unicode char U+00B4 (decimal 180)
   defining Unicode char U+00B5 (decimal 181)
   defining Unicode char U+00B6 (decimal 182)
   defining Unicode char U+00B7 (decimal 183)
   defining Unicode char U+00B9 (decimal 185)
   defining Unicode char U+00BA (decimal 186)
   defining Unicode char U+00BC (decimal 188)
   defining Unicode char U+00BD (decimal 189)
   defining Unicode char U+00BE (decimal 190)
   defining Unicode char U+00D7 (decimal 215)
   defining Unicode char U+00F7 (decimal 247)
   defining Unicode char U+0192 (decimal 402)
   defining Unicode char U+02C7 (decimal 711)
   defining Unicode char U+02D8 (decimal 728)
   defining Unicode char U+02DD (decimal 733)
   defining Unicode char U+0E3F (decimal 3647)
   defining Unicode char U+2016 (decimal 8214)
   defining Unicode char U+2020 (decimal 8224)
   defining Unicode char U+2021 (decimal 8225)
   defining Unicode char U+2022 (decimal 8226)
   defining Unicode char U+2030 (decimal 8240)
   defining Unicode char U+2031 (decimal 8241)
   defining Unicode char U+203B (decimal 8251)
   defining Unicode char U+203D (decimal 8253)
   defining Unicode char U+2044 (decimal 8260)
   defining Unicode char U+204E (decimal 8270)
   defining Unicode char U+2052 (decimal 8274)
   defining Unicode char U+20A1 (decimal 8353)
   defining Unicode char U+20A4 (decimal 8356)
   defining Unicode char U+20A6 (decimal 8358)
   defining Unicode char U+20A9 (decimal 8361)
   defining Unicode char U+20AB (decimal 8363)
   defining Unicode char U+20AC (decimal 8364)
   defining Unicode char U+20B1 (decimal 8369)
   defining Unicode char U+2103 (decimal 8451)
   defining Unicode char U+2116 (decimal 8470)
   defining Unicode char U+2117 (decimal 8471)
   defining Unicode char U+211E (decimal 8478)
   defining Unicode char U+2120 (decimal 8480)
   defining Unicode char U+2122 (decimal 8482)
   defining Unicode char U+2126 (decimal 8486)
   defining Unicode char U+2127 (decimal 8487)
   defining Unicode char U+212E (decimal 8494)
   defining Unicode char U+2190 (decimal 8592)
   defining Unicode char U+2191 (decimal 8593)
   defining Unicode char U+2192 (decimal 8594)
   defining Unicode char U+2193 (decimal 8595)
   defining Unicode char U+2329 (decimal 9001)
   defining Unicode char U+232A (decimal 9002)
   defining Unicode char U+2422 (decimal 9250)
   defining Unicode char U+25E6 (decimal 9702)
   defining Unicode char U+25EF (decimal 9711)
   defining Unicode char U+266A (decimal 9834)
))
LaTeX Info: Redefining \oldstylenums on input line 266.
Package textcomp Info: Setting cmr sub-encoding to TS1/0 on input line 281.
Package textcomp Info: Setting cmss sub-encoding to TS1/0 on input line 282.
Package textcomp Info: Setting cmtt sub-encoding to TS1/0 on input line 283.
Package textcomp Info: Setting cmvtt sub-encoding to TS1/0 on input line 284.
Package textcomp Info: Setting cmbr sub-encoding to TS1/0 on input line 285.
Package textcomp Info: Setting cmtl sub-encoding to TS1/0 on input line 286.
Package textcomp Info: Setting ccr sub-encoding to TS1/0 on input line 287.
Package textcomp Info: Setting ptm sub-encoding to TS1/4 on input line 288.
Package textcomp Info: Setting pcr sub-encoding to TS1/4 on input line 289.
Package textcomp Info: Setting phv sub-encoding to TS1/4 on input line 290.
Package textcomp Info: Setting ppl sub-encoding to TS1/3 on input line 291.
Package textcomp Info: Setting pag sub-encoding to TS1/4 on input line 292.
Package textcomp Info: Setting pbk sub-encoding to TS1/4 on input line 293.
Package textcomp Info: Setting pnc sub-encoding to TS1/4 on input line 294.
Package textcomp Info: Setting pzc sub-encoding to TS1/4 on input line 295.
Package textcomp Info: Setting bch sub-encoding to TS1/4 on input line 296.
Package textcomp Info: Setting put sub-encoding to TS1/5 on input line 297.
Package textcomp Info: Setting uag sub-encoding to TS1/5 on input line 298.
Package textcomp Info: Setting ugq sub-encoding to TS1/5 on input line 299.
Package textcomp Info: Setting ul8 sub-encoding to TS1/4 on input line 300.
Package textcomp Info: Setting ul9 sub-encoding to TS1/4 on input line 301.
Package textcomp Info: Setting augie sub-encoding to TS1/5 on input line 302.
Package textcomp Info: Setting dayrom sub-encoding to TS1/3 on input line 303.
Package textcomp Info: Setting dayroms sub-encoding to TS1/3 on input line 304.

Package textcomp Info: Setting pxr sub-encoding to TS1/0 on input line 305.
Package textcomp Info: Setting pxss sub-encoding to TS1/0 on input line 306.
Package textcomp Info: Setting pxtt sub-encoding to TS1/0 on input line 307.
Package textcomp Info: Setting txr sub-encoding to TS1/0 on input line 308.
Package textcomp Info: Setting txss sub-encoding to TS1/0 on input line 309.
Package textcomp Info: Setting txtt sub-encoding to TS1/0 on input line 310.
Package textcomp Info: Setting lmr sub-encoding to TS1/0 on input line 311.
Package textcomp Info: Setting lmdh sub-encoding to TS1/0 on input line 312.
Package textcomp Info: Setting lmss sub-encoding to TS1/0 on input line 313.
Package textcomp Info: Setting lmssq sub-encoding to TS1/0 on input line 314.
Package textcomp Info: Setting lmvtt sub-encoding to TS1/0 on input line 315.
Package textcomp Info: Setting qhv sub-encoding to TS1/0 on input line 316.
Package textcomp Info: Setting qag sub-encoding to TS1/0 on input line 317.
Package textcomp Info: Setting qbk sub-encoding to TS1/0 on input line 318.
Package textcomp Info: Setting qcr sub-encoding to TS1/0 on input line 319.
Package textcomp Info: Setting qcs sub-encoding to TS1/0 on input line 320.
Package textcomp Info: Setting qpl sub-encoding to TS1/0 on input line 321.
Package textcomp Info: Setting qtm sub-encoding to TS1/0 on input line 322.
Package textcomp Info: Setting qzc sub-encoding to TS1/0 on input line 323.
Package textcomp Info: Setting qhvc sub-encoding to TS1/0 on input line 324.
Package textcomp Info: Setting futs sub-encoding to TS1/4 on input line 325.
Package textcomp Info: Setting futx sub-encoding to TS1/4 on input line 326.
Package textcomp Info: Setting futj sub-encoding to TS1/4 on input line 327.
Package textcomp Info: Setting hlh sub-encoding to TS1/3 on input line 328.
Package textcomp Info: Setting hls sub-encoding to TS1/3 on input line 329.
Package textcomp Info: Setting hlst sub-encoding to TS1/3 on input line 330.
Package textcomp Info: Setting hlct sub-encoding to TS1/5 on input line 331.
Package textcomp Info: Setting hlx sub-encoding to TS1/5 on input line 332.
Package textcomp Info: Setting hlce sub-encoding to TS1/5 on input line 333.
Package textcomp Info: Setting hlcn sub-encoding to TS1/5 on input line 334.
Package textcomp Info: Setting hlcw sub-encoding to TS1/5 on input line 335.
Package textcomp Info: Setting hlcf sub-encoding to TS1/5 on input line 336.
Package textcomp Info: Setting pplx sub-encoding to TS1/3 on input line 337.
Package textcomp Info: Setting pplj sub-encoding to TS1/3 on input line 338.
Package textcomp Info: Setting ptmx sub-encoding to TS1/4 on input line 339.
Package textcomp Info: Setting ptmj sub-encoding to TS1/4 on input line 340.
) ("d:\Program Files\MiKTeX 2.9\tex\latex\wasysym\wasysym.sty"
Package: wasysym 2003/10/30 v2.0 Wasy-2 symbol support package
\symwasy=\mathgroup4
LaTeX Font Info:    Overwriting symbol font `wasy' in version `bold'
(Font)                  U/wasy/m/n --> U/wasy/b/n on input line 90.
) ("d:\Program Files\MiKTeX 2.9\tex\latex\base\fontenc.sty"
Package: fontenc 2005/09/27 v1.99g Standard LaTeX package
("d:\Program Files\MiKTeX 2.9\tex\latex\base\t1enc.def"
File: t1enc.def 2005/09/27 v1.99g Standard LaTeX file
LaTeX Font Info:    Redeclaring font encoding T1 on input line 43.
)) ("d:\Program Files\MiKTeX 2.9\tex\latex\psnfss\helvet.sty"
Package: helvet 2005/04/12 PSNFSS-v9.2a (WaS) 
) ("d:\Program Files\MiKTeX 2.9\tex\latex\psnfss\courier.sty"
Package: courier 2005/04/12 PSNFSS-v9.2a (WaS) 
) ("d:\Program Files\MiKTeX 2.9\tex\latex\amsfonts\amssymb.sty"
Package: amssymb 2013/01/14 v3.01 AMS font symbols
("d:\Program Files\MiKTeX 2.9\tex\latex\amsfonts\amsfonts.sty"
Package: amsfonts 2013/01/14 v3.01 Basic AMSFonts support
\@emptytoks=\toks28
\symAMSa=\mathgroup5
\symAMSb=\mathgroup6
LaTeX Font Info:    Overwriting math alphabet `\mathfrak' in version `bold'
(Font)                  U/euf/m/n --> U/euf/b/n on input line 106.
)) ("d:\Program Files\MiKTeX 2.9\tex\latex\sectsty\sectsty.sty"
Package: sectsty 2002/02/25 v2.0.2 Commands to change all sectional heading sty
les
) ("d:\Program Files\MiKTeX 2.9\tex\latex\geometry\geometry.sty"
Package: geometry 2010/09/12 v5.6 Page Geometry
("d:\Program Files\MiKTeX 2.9\tex\generic\oberdiek\ifpdf.sty"
Package: ifpdf 2011/01/30 v2.3 Provides the ifpdf switch (HO)
Package ifpdf Info: pdfTeX in PDF mode is detected.
) ("d:\Program Files\MiKTeX 2.9\tex\generic\oberdiek\ifvtex.sty"
Package: ifvtex 2010/03/01 v1.5 Detect VTeX and its facilities (HO)
Package ifvtex Info: VTeX not detected.
) ("d:\Program Files\MiKTeX 2.9\tex\generic\ifxetex\ifxetex.sty"
Package: ifxetex 2010/09/12 v0.6 Provides ifxetex conditional
)
\Gm@cnth=\count117
\Gm@cntv=\count118
\c@Gm@tempcnt=\count119
\Gm@bindingoffset=\dimen143
\Gm@wd@mp=\dimen144
\Gm@odd@mp=\dimen145
\Gm@even@mp=\dimen146
\Gm@layoutwidth=\dimen147
\Gm@layoutheight=\dimen148
\Gm@layouthoffset=\dimen149
\Gm@layoutvoffset=\dimen150
\Gm@dimlist=\toks29
("d:\Program Files\MiKTeX 2.9\tex\latex\geometry\geometry.cfg")) ("d:\Program F
iles\MiKTeX 2.9\tex\latex\fancyhdr\fancyhdr.sty"
\fancy@headwidth=\skip57
\f@ncyO@elh=\skip58
\f@ncyO@erh=\skip59
\f@ncyO@olh=\skip60
\f@ncyO@orh=\skip61
\f@ncyO@elf=\skip62
\f@ncyO@erf=\skip63
\f@ncyO@olf=\skip64
\f@ncyO@orf=\skip65
) ("d:\Program Files\MiKTeX 2.9\tex\latex\natbib\natbib.sty"
Package: natbib 2010/09/13 8.31b (PWD, AO)
\bibhang=\skip66
\bibsep=\skip67
LaTeX Info: Redefining \cite on input line 694.
\c@NAT@ctr=\count120
) ("d:\Program Files\MiKTeX 2.9\tex\latex\tocloft\tocloft.sty"
Package: tocloft 2013/05/02 v2.3f parameterised ToC, etc., typesetting
Package tocloft Info: The document has section divisions on input line 44.
\cftparskip=\skip68
\cftbeforetoctitleskip=\skip69
\cftaftertoctitleskip=\skip70
\cftbeforepartskip=\skip71
\cftpartnumwidth=\skip72
\cftpartindent=\skip73
\cftbeforesecskip=\skip74
\cftsecindent=\skip75
\cftsecnumwidth=\skip76
\cftbeforesubsecskip=\skip77
\cftsubsecindent=\skip78
\cftsubsecnumwidth=\skip79
\cftbeforesubsubsecskip=\skip80
\cftsubsubsecindent=\skip81
\cftsubsubsecnumwidth=\skip82
\cftbeforeparaskip=\skip83
\cftparaindent=\skip84
\cftparanumwidth=\skip85
\cftbeforesubparaskip=\skip86
\cftsubparaindent=\skip87
\cftsubparanumwidth=\skip88
\cftbeforeloftitleskip=\skip89
\cftafterloftitleskip=\skip90
\cftbeforefigskip=\skip91
\cftfigindent=\skip92
\cftfignumwidth=\skip93
\c@lofdepth=\count121
\c@lotdepth=\count122
\cftbeforelottitleskip=\skip94
\cftafterlottitleskip=\skip95
\cftbeforetabskip=\skip96
\cfttabindent=\skip97
\cfttabnumwidth=\skip98
)
\@indexfile=\write3
Writing index file refman.idx
("d:\Program Files\MiKTeX 2.9\tex\latex\hyperref\hyperref.sty"
Package: hyperref 2012/11/06 v6.83m Hypertext links for LaTeX
("d:\Program Files\MiKTeX 2.9\tex\generic\oberdiek\hobsub-hyperref.sty"
Package: hobsub-hyperref 2012/04/25 v1.12 Bundle oberdiek, subset hyperref (HO)

("d:\Program Files\MiKTeX 2.9\tex\generic\oberdiek\hobsub-generic.sty"
Package: hobsub-generic 2012/04/25 v1.12 Bundle oberdiek, subset generic (HO)
Package: hobsub 2012/04/25 v1.12 Construct package bundles (HO)
Package hobsub Info: Skipping package `infwarerr' (already loaded).
Package hobsub Info: Skipping package `ltxcmds' (already loaded).
Package: ifluatex 2010/03/01 v1.3 Provides the ifluatex switch (HO)
Package ifluatex Info: LuaTeX not detected.
Package hobsub Info: Skipping package `ifvtex' (already loaded).
Package: intcalc 2007/09/27 v1.1 Expandable calculations with integers (HO)
Package hobsub Info: Skipping package `ifpdf' (already loaded).
Package: etexcmds 2011/02/16 v1.5 Avoid name clashes with e-TeX commands (HO)
Package etexcmds Info: Could not find \expanded.
(etexcmds)             That can mean that you are not using pdfTeX 1.50 or
(etexcmds)             that some package has redefined \expanded.
(etexcmds)             In the latter case, load this package earlier.
Package: kvsetkeys 2012/04/25 v1.16 Key value parser (HO)
Package: kvdefinekeys 2011/04/07 v1.3 Define keys (HO)
Package: pdftexcmds 2011/11/29 v0.20 Utility functions of pdfTeX for LuaTeX (HO
)
Package pdftexcmds Info: LuaTeX not detected.
Package pdftexcmds Info: \pdf@primitive is available.
Package pdftexcmds Info: \pdf@ifprimitive is available.
Package pdftexcmds Info: \pdfdraftmode found.
Package: pdfescape 2011/11/25 v1.13 Implements pdfTeX's escape features (HO)
Package: bigintcalc 2012/04/08 v1.3 Expandable calculations on big integers (HO
)
Package: bitset 2011/01/30 v1.1 Handle bit-vector datatype (HO)
Package: uniquecounter 2011/01/30 v1.2 Provide unlimited unique counter (HO)
)
Package hobsub Info: Skipping package `hobsub' (already loaded).
Package: letltxmacro 2010/09/02 v1.4 Let assignment for LaTeX macros (HO)
Package: hopatch 2011/06/24 v1.1 Wrapper for package hooks (HO)
Package: xcolor-patch 2011/01/30 xcolor patch
Package: atveryend 2011/06/30 v1.8 Hooks at the very end of document (HO)
Package atveryend Info: \enddocument detected (standard20110627).
Package: atbegshi 2011/10/05 v1.16 At begin shipout hook (HO)
Package: refcount 2011/10/16 v3.4 Data extraction from label references (HO)
Package: hycolor 2011/01/30 v1.7 Color options for hyperref/bookmark (HO)
) ("d:\Program Files\MiKTeX 2.9\tex\latex\oberdiek\auxhook.sty"
Package: auxhook 2011/03/04 v1.3 Hooks for auxiliary files (HO)
) ("d:\Program Files\MiKTeX 2.9\tex\latex\oberdiek\kvoptions.sty"
Package: kvoptions 2011/06/30 v3.11 Key value format for package options (HO)
)
\@linkdim=\dimen151
\Hy@linkcounter=\count123
\Hy@pagecounter=\count124
("d:\Program Files\MiKTeX 2.9\tex\latex\hyperref\pd1enc.def"
File: pd1enc.def 2012/11/06 v6.83m Hyperref: PDFDocEncoding definition (HO)
Now handling font encoding PD1 ...
... no UTF-8 mapping file for font encoding PD1
)
\Hy@SavedSpaceFactor=\count125
("d:\Program Files\MiKTeX 2.9\tex\latex\00miktex\hyperref.cfg"
File: hyperref.cfg 2002/06/06 v1.2 hyperref configuration of TeXLive
)
Package hyperref Info: Hyper figures OFF on input line 4443.
Package hyperref Info: Link nesting OFF on input line 4448.
Package hyperref Info: Hyper index ON on input line 4451.
Package hyperref Info: Plain pages OFF on input line 4458.
Package hyperref Info: Backreferencing ON on input line 4461.
Package hyperref Info: Implicit mode ON; LaTeX internals redefined.
Package hyperref Info: Bookmarks ON on input line 4688.
("d:\Program Files\MiKTeX 2.9\tex\latex\hyperref\backref.sty"
Package: backref 2012/07/25 v1.38 Bibliographical back referencing
("d:\Program Files\MiKTeX 2.9\tex\latex\oberdiek\rerunfilecheck.sty"
Package: rerunfilecheck 2011/04/15 v1.7 Rerun checks for auxiliary files (HO)
Package uniquecounter Info: New unique counter `rerunfilecheck' on input line 2
82.
))
\c@Hy@tempcnt=\count126
("d:\Program Files\MiKTeX 2.9\tex\latex\ltxmisc\url.sty"
\Urlmuskip=\muskip10
Package: url 2006/04/12  ver 3.3  Verb mode for urls, etc.
)
LaTeX Info: Redefining \url on input line 5041.
\XeTeXLinkMargin=\dimen152
\Fld@menulength=\count127
\Field@Width=\dimen153
\Fld@charsize=\dimen154
Package hyperref Info: Hyper figures OFF on input line 6295.
Package hyperref Info: Link nesting OFF on input line 6300.
Package hyperref Info: Hyper index ON on input line 6303.
Package hyperref Info: backreferencing ON on input line 6308.
Package hyperref Info: Link coloring OFF on input line 6315.
Package hyperref Info: Link coloring with OCG OFF on input line 6320.
Package hyperref Info: PDF/A mode OFF on input line 6325.
LaTeX Info: Redefining \ref on input line 6365.
LaTeX Info: Redefining \pageref on input line 6369.
\Hy@abspage=\count128
\c@Item=\count129
\c@Hfootnote=\count130
)

Package hyperref Message: Driver: hpdftex.

("d:\Program Files\MiKTeX 2.9\tex\latex\hyperref\hpdftex.def"
File: hpdftex.def 2012/11/06 v6.83m Hyperref driver for pdfTeX
\Fld@listcount=\count131
\c@bookmark@seq@number=\count132
\Hy@SectionHShift=\skip99
)
Package hyperref Info: Option `colorlinks' set `true' on input line 103.
Package hyperref Info: Option `unicode' set `true' on input line 103.
("d:\Program Files\MiKTeX 2.9\tex\latex\hyperref\puenc.def"
File: puenc.def 2012/11/06 v6.83m Hyperref: PDF Unicode definition (HO)
Now handling font encoding PU ...
... no UTF-8 mapping file for font encoding PU
) ("d:\Program Files\MiKTeX 2.9\tex\latex\caption\caption.sty"
Package: caption 2013/05/02 v3.3-89 Customizing captions (AR)
("d:\Program Files\MiKTeX 2.9\tex\latex\caption\caption3.sty"
Package: caption3 2013/05/02 v1.6-88 caption3 kernel (AR)
Package caption3 Info: TeX engine: e-TeX on input line 57.
\captionmargin=\dimen155
\captionmargin@=\dimen156
\captionwidth=\dimen157
\caption@tempdima=\dimen158
\caption@indent=\dimen159
\caption@parindent=\dimen160
\caption@hangindent=\dimen161
)
\c@ContinuedFloat=\count133
Package caption Info: float package is loaded.
Package caption Info: hyperref package is loaded.
Package caption Info: longtable package is loaded.
("d:\Program Files\MiKTeX 2.9\tex\latex\caption\ltcaption.sty"
Package: ltcaption 2013/02/03 v1.3-62 longtable captions (AR)
)) (D:\Users\jfitter\Documents\GitHub\MLX90614\latex\refman.aux)
LaTeX Font Info:    Checking defaults for OML/cmm/m/it on input line 115.
LaTeX Font Info:    ... okay on input line 115.
LaTeX Font Info:    Checking defaults for T1/cmr/m/n on input line 115.
LaTeX Font Info:    ... okay on input line 115.
LaTeX Font Info:    Checking defaults for OT1/cmr/m/n on input line 115.
LaTeX Font Info:    ... okay on input line 115.
LaTeX Font Info:    Checking defaults for OMS/cmsy/m/n on input line 115.
LaTeX Font Info:    ... okay on input line 115.
LaTeX Font Info:    Checking defaults for OMX/cmex/m/n on input line 115.
LaTeX Font Info:    ... okay on input line 115.
LaTeX Font Info:    Checking defaults for U/cmr/m/n on input line 115.
LaTeX Font Info:    ... okay on input line 115.
LaTeX Font Info:    Checking defaults for TS1/cmr/m/n on input line 115.
LaTeX Font Info:    Try loading font information for TS1+cmr on input line 115.

("d:\Program Files\MiKTeX 2.9\tex\latex\base\ts1cmr.fd"
File: ts1cmr.fd 1999/05/25 v2.5h Standard LaTeX font definitions
)
LaTeX Font Info:    ... okay on input line 115.
LaTeX Font Info:    Checking defaults for PD1/pdf/m/n on input line 115.
LaTeX Font Info:    ... okay on input line 115.
LaTeX Font Info:    Checking defaults for PU/pdf/m/n on input line 115.
LaTeX Font Info:    ... okay on input line 115.
LaTeX Font Info:    Try loading font information for T1+phv on input line 115.
("d:\Program Files\MiKTeX 2.9\tex\latex\psnfss\t1phv.fd"
File: t1phv.fd 2001/06/04 scalable font definitions for T1/phv.
)
LaTeX Font Info:    Font shape `T1/phv/m/n' will be
(Font)              scaled to size 8.99994pt on input line 115.
("d:\Program Files\MiKTeX 2.9\tex\context\base\supp-pdf.mkii"
[Loading MPS to PDF converter (version 2006.09.02).]
\scratchcounter=\count134
\scratchdimen=\dimen162
\scratchbox=\box65
\nofMPsegments=\count135
\nofMParguments=\count136
\everyMPshowfont=\toks30
\MPscratchCnt=\count137
\MPscratchDim=\dimen163
\MPnumerator=\count138
\makeMPintoPDFobject=\count139
\everyMPtoPDFconversion=\toks31
)
*geometry* driver: auto-detecting
*geometry* detected driver: pdftex
*geometry* verbose mode - [ preamble ] result:
* driver: pdftex
* paper: a4paper
* layout: <same size as paper>
* layoutoffset:(h,v)=(0.0pt,0.0pt)
* modes: twoside 
* h-part:(L,W,R)=(71.13188pt, 455.24411pt, 71.13188pt)
* v-part:(T,H,B)=(71.13188pt, 702.78308pt, 71.13188pt)
* \paperwidth=597.50787pt
* \paperheight=845.04684pt
* \textwidth=455.24411pt
* \textheight=702.78308pt
* \oddsidemargin=-1.1381pt
* \evensidemargin=-1.1381pt
* \topmargin=-38.1381pt
* \headheight=12.0pt
* \headsep=25.0pt
* \topskip=10.0pt
* \footskip=30.0pt
* \marginparwidth=121.0pt
* \marginparsep=11.0pt
* \columnsep=10.0pt
* \skip\footins=9.0pt plus 4.0pt minus 2.0pt
* \hoffset=0.0pt
* \voffset=0.0pt
* \mag=1000
* \@twocolumnfalse
* \@twosidetrue
* \@mparswitchtrue
* \@reversemarginfalse
* (1in=72.27pt=25.4mm, 1cm=28.453pt)

\AtBeginShipoutBox=\box66
Package backref Info: ** backref set up for natbib ** on input line 115.
Package hyperref Info: Link coloring ON on input line 115.
("d:\Program Files\MiKTeX 2.9\tex\latex\hyperref\nameref.sty"
Package: nameref 2012/10/27 v2.43 Cross-referencing by name of section
("d:\Program Files\MiKTeX 2.9\tex\generic\oberdiek\gettitlestring.sty"
Package: gettitlestring 2010/12/03 v1.4 Cleanup title references (HO)
)
\c@section@level=\count140
)
LaTeX Info: Redefining \ref on input line 115.
LaTeX Info: Redefining \pageref on input line 115.
LaTeX Info: Redefining \nameref on input line 115.
(D:\Users\jfitter\Documents\GitHub\MLX90614\latex\refman.out) (D:\Users\jfitter
\Documents\GitHub\MLX90614\latex\refman.out)
\@outlinefile=\write4
Package caption Info: Begin \AtBeginDocument code.
Package caption Info: End \AtBeginDocument code.
Package hyperref Info: Option `pageanchor' set `false' on input line 121.
Package hyperref Info: Option `bookmarksnumbered' set `true' on input line 121.

Package hyperref Info: Option `unicode' set `true' on input line 121.
LaTeX Font Info:    Font shape `T1/phv/m/n' will be
(Font)              scaled to size 12.9599pt on input line 126.
LaTeX Font Info:    Font shape `T1/phv/m/n' will be
(Font)              scaled to size 6.29996pt on input line 126.
LaTeX Font Info:    Try loading font information for U+wasy on input line 126.
("d:\Program Files\MiKTeX 2.9\tex\latex\wasysym\uwasy.fd"
File: uwasy.fd 2003/10/30 v2.0 Wasy-2 symbol font definitions
)
LaTeX Font Info:    Try loading font information for U+msa on input line 126.
("d:\Program Files\MiKTeX 2.9\tex\latex\amsfonts\umsa.fd"
File: umsa.fd 2013/01/14 v3.01 AMS symbols A
)
LaTeX Font Info:    Try loading font information for U+msb on input line 126.
("d:\Program Files\MiKTeX 2.9\tex\latex\amsfonts\umsb.fd"
File: umsb.fd 2013/01/14 v3.01 AMS symbols B
)
LaTeX Font Info:    Font shape `T1/phv/m/n' will be
(Font)              scaled to size 10.79993pt on input line 126.
LaTeX Font Info:    Font shape `T1/phv/m/n' will be
(Font)              scaled to size 8.09995pt on input line 130.
[1

{C:/ProgramData/MiKTeX/2.9/pdftex/config/pdftex.map}]
LaTeX Font Info:    Font shape `T1/phv/bx/n' in size <14.4> not available
(Font)              Font shape `T1/phv/b/n' tried instead on input line 134.
LaTeX Font Info:    Font shape `T1/phv/b/n' will be
(Font)              scaled to size 12.9599pt on input line 134.
LaTeX Font Info:    Font shape `T1/phv/bc/n' will be
(Font)              scaled to size 12.9599pt on input line 134.
(D:\Users\jfitter\Documents\GitHub\MLX90614\latex\refman.toc
LaTeX Font Info:    Font shape `T1/phv/bx/n' in size <10> not available
(Font)              Font shape `T1/phv/b/n' tried instead on input line 1.
LaTeX Font Info:    Font shape `T1/phv/b/n' will be
(Font)              scaled to size 8.99994pt on input line 1.
)
\tf@toc=\write5
Package hyperref Info: Option `pageanchor' set `true' on input line 136.
(D:\Users\jfitter\Documents\GitHub\MLX90614\latex\index.tex
LaTeX Font Info:    Try loading font information for TS1+phv on input line 5.
("d:\Program Files\MiKTeX 2.9\tex\latex\psnfss\ts1phv.fd"
File: ts1phv.fd 2001/06/04 scalable font definitions for TS1/phv.
)
LaTeX Font Info:    Font shape `TS1/phv/m/n' will be
(Font)              scaled to size 8.99994pt on input line 5.
LaTeX Font Info:    Font shape `T1/phv/bx/n' in size <7> not available
(Font)              Font shape `T1/phv/b/n' tried instead on input line 12.
LaTeX Font Info:    Font shape `T1/phv/b/n' will be
(Font)              scaled to size 6.29996pt on input line 12.
[1]) (D:\Users\jfitter\Documents\GitHub\MLX90614\latex\annotated.tex
LaTeX Font Info:    Font shape `T1/phv/bx/n' in size <12> not available
(Font)              Font shape `T1/phv/b/n' tried instead on input line 1.
LaTeX Font Info:    Font shape `T1/phv/b/n' will be
(Font)              scaled to size 10.79993pt on input line 1.
LaTeX Font Info:    Font shape `T1/phv/bc/n' will be
(Font)              scaled to size 10.79993pt on input line 1.
) (D:\Users\jfitter\Documents\GitHub\MLX90614\latex\files.tex
Underfull \hbox (badness 10000) in paragraph at lines 6--6
 []  
 []


LaTeX Warning: Reference `_m_l_x90614_8h' on page 2 undefined on input line 8.

) (D:\Users\jfitter\Documents\GitHub\MLX90614\latex\class_c_r_c8.tex [2]
LaTeX Font Info:    Font shape `T1/phv/bc/n' will be
(Font)              scaled to size 6.29996pt on input line 1.
LaTeX Font Info:    Font shape `T1/phv/bc/n' will be
(Font)              scaled to size 8.99994pt on input line 3.
LaTeX Font Info:    Font shape `T1/phv/m/it' in size <9> not available
(Font)              Font shape `T1/phv/m/sl' tried instead on input line 7.
LaTeX Font Info:    Font shape `T1/phv/m/sl' will be
(Font)              scaled to size 8.09995pt on input line 7.
LaTeX Font Info:    Font shape `T1/phv/m/it' in size <7> not available
(Font)              Font shape `T1/phv/m/sl' tried instead on input line 7.
LaTeX Font Info:    Font shape `T1/phv/m/sl' will be
(Font)              scaled to size 6.29996pt on input line 7.
LaTeX Font Info:    Font shape `T1/phv/m/n' will be
(Font)              scaled to size 7.19995pt on input line 37.
LaTeX Font Info:    Try loading font information for T1+pcr on input line 37.
("d:\Program Files\MiKTeX 2.9\tex\latex\psnfss\t1pcr.fd"
File: t1pcr.fd 2001/06/04 font definitions for T1/pcr.
)
LaTeX Font Info:    Font shape `T1/pcr/m/it' in size <8> not available
(Font)              Font shape `T1/pcr/m/sl' tried instead on input line 37.
LaTeX Font Info:    Font shape `T1/pcr/m/it' in size <7> not available
(Font)              Font shape `T1/pcr/m/sl' tried instead on input line 37.

Underfull \vbox (badness 10000) has occurred while \output is active []

[3]
<class_c_r_c8_aa55fad578b29297298f72e65b2494fdb_cgraph.pdf, id=257, 279.0425pt 
x 100.375pt>
File: class_c_r_c8_aa55fad578b29297298f72e65b2494fdb_cgraph.pdf Graphic file (t
ype pdf)
<use class_c_r_c8_aa55fad578b29297298f72e65b2494fdb_cgraph.pdf>
Package pdftex.def Info: class_c_r_c8_aa55fad578b29297298f72e65b2494fdb_cgraph.
pdf used on input line 64.
(pdftex.def)             Requested size: 278.0pt x 100.00255pt.
LaTeX Font Info:    Font shape `T1/phv/bc/n' will be
(Font)              scaled to size 7.19995pt on input line 73.

LaTeX Font Warning: Font shape `T1/pcr/bc/n' undefined
(Font)              using `T1/pcr/m/n' instead on input line 73.


Underfull \hbox (badness 10000) detected at line 80
[][][]
 []


<class_c_r_c8_a03f58a9f90db0e1d22fc48ba486a3654_icgraph.pdf, id=262, 754.82pt x
 405.515pt>
File: class_c_r_c8_a03f58a9f90db0e1d22fc48ba486a3654_icgraph.pdf Graphic file (
type pdf)
<use class_c_r_c8_a03f58a9f90db0e1d22fc48ba486a3654_icgraph.pdf>
Package pdftex.def Info: class_c_r_c8_a03f58a9f90db0e1d22fc48ba486a3654_icgraph
.pdf used on input line 99.
(pdftex.def)             Requested size: 350.0pt x 188.03038pt.
[4 <D:/Users/jfitter/Documents/GitHub/MLX90614/latex/class_c_r_c8_aa55fad578b29
297298f72e65b2494fdb_cgraph.pdf> <D:/Users/jfitter/Documents/GitHub/MLX90614/la
tex/class_c_r_c8_a03f58a9f90db0e1d22fc48ba486a3654_icgraph.pdf

pdfTeX warning: pdflatex (file D:/Users/jfitter/Documents/GitHub/MLX90614/latex
/class_c_r_c8_a03f58a9f90db0e1d22fc48ba486a3654_icgraph.pdf): PDF inclusion: mu
ltiple pdfs with page group included in a single page
>]
Underfull \hbox (badness 10000) detected at line 117
[][][]
 []


<class_c_r_c8_a38931d0b9e5ba8f2e974dca7dbf30e5a_icgraph.pdf, id=299, 279.0425pt
 x 100.375pt>
File: class_c_r_c8_a38931d0b9e5ba8f2e974dca7dbf30e5a_icgraph.pdf Graphic file (
type pdf)
<use class_c_r_c8_a38931d0b9e5ba8f2e974dca7dbf30e5a_icgraph.pdf>
Package pdftex.def Info: class_c_r_c8_a38931d0b9e5ba8f2e974dca7dbf30e5a_icgraph
.pdf used on input line 168.
(pdftex.def)             Requested size: 278.0pt x 100.00255pt.

Underfull \vbox (badness 2865) has occurred while \output is active []

[5])
(D:\Users\jfitter\Documents\GitHub\MLX90614\latex\structdefault_e_e_prom_data.t
ex) (D:\Users\jfitter\Documents\GitHub\MLX90614\latex\class_m_l_x90614.tex [6 <
D:/Users/jfitter/Documents/GitHub/MLX90614/latex/class_c_r_c8_a38931d0b9e5ba8f2
e974dca7dbf30e5a_icgraph.pdf>] [7] [8]
<class_m_l_x90614_abd5039fd7e21e82db9f0cf2575f0d23a_cgraph.pdf, id=478, 745.786
25pt x 252.945pt>
File: class_m_l_x90614_abd5039fd7e21e82db9f0cf2575f0d23a_cgraph.pdf Graphic fil
e (type pdf)
<use class_m_l_x90614_abd5039fd7e21e82db9f0cf2575f0d23a_cgraph.pdf>
Package pdftex.def Info: class_m_l_x90614_abd5039fd7e21e82db9f0cf2575f0d23a_cgr
aph.pdf used on input line 212.
(pdftex.def)             Requested size: 350.0pt x 118.70662pt.
[9 <D:/Users/jfitter/Documents/GitHub/MLX90614/latex/class_m_l_x90614_abd5039fd
7e21e82db9f0cf2575f0d23a_cgraph.pdf>]
Underfull \hbox (badness 10000) detected at line 233
[][][]
 []


<class_m_l_x90614_a2a5b34da155086b85fb74ceb7310b2cb_icgraph.pdf, id=510, 335.25
25pt x 100.375pt>
File: class_m_l_x90614_a2a5b34da155086b85fb74ceb7310b2cb_icgraph.pdf Graphic fi
le (type pdf)
<use class_m_l_x90614_a2a5b34da155086b85fb74ceb7310b2cb_icgraph.pdf>
Package pdftex.def Info: class_m_l_x90614_a2a5b34da155086b85fb74ceb7310b2cb_icg
raph.pdf used on input line 252.
(pdftex.def)             Requested size: 334.0pt x 99.9995pt.

Underfull \hbox (badness 10000) detected at line 270
[][][]
 []

[10 <D:/Users/jfitter/Documents/GitHub/MLX90614/latex/class_m_l_x90614_a2a5b34d
a155086b85fb74ceb7310b2cb_icgraph.pdf>]
<class_m_l_x90614_af0a52019a3c66f0ae3b954a4e7475c88_icgraph.pdf, id=535, 336.25
626pt x 100.375pt>
File: class_m_l_x90614_af0a52019a3c66f0ae3b954a4e7475c88_icgraph.pdf Graphic fi
le (type pdf)
<use class_m_l_x90614_af0a52019a3c66f0ae3b954a4e7475c88_icgraph.pdf>
Package pdftex.def Info: class_m_l_x90614_af0a52019a3c66f0ae3b954a4e7475c88_icg
raph.pdf used on input line 289.
(pdftex.def)             Requested size: 335.0pt x 100.00102pt.

Underfull \hbox (badness 10000) detected at line 304
[][][]
 []


Underfull \hbox (badness 10000) detected at line 309
[][][]
 []


<class_m_l_x90614_a7ba22b140f92bea70381cf3c495d4c72_cgraph.pdf, id=548, 578.16p
t x 100.375pt>
File: class_m_l_x90614_a7ba22b140f92bea70381cf3c495d4c72_cgraph.pdf Graphic fil
e (type pdf)
<use class_m_l_x90614_a7ba22b140f92bea70381cf3c495d4c72_cgraph.pdf>
Package pdftex.def Info: class_m_l_x90614_a7ba22b140f92bea70381cf3c495d4c72_cgr
aph.pdf used on input line 345.
(pdftex.def)             Requested size: 350.0pt x 60.76305pt.

<class_m_l_x90614_a7ba22b140f92bea70381cf3c495d4c72_icgraph.pdf, id=549, 331.23
75pt x 100.375pt>
File: class_m_l_x90614_a7ba22b140f92bea70381cf3c495d4c72_icgraph.pdf Graphic fi
le (type pdf)
<use class_m_l_x90614_a7ba22b140f92bea70381cf3c495d4c72_icgraph.pdf>
Package pdftex.def Info: class_m_l_x90614_a7ba22b140f92bea70381cf3c495d4c72_icg
raph.pdf used on input line 352.
(pdftex.def)             Requested size: 330.0pt x 100.00409pt.
[11 <D:/Users/jfitter/Documents/GitHub/MLX90614/latex/class_m_l_x90614_af0a5201
9a3c66f0ae3b954a4e7475c88_icgraph.pdf>]
<class_m_l_x90614_a6635121e11e44f85945d18bb81d85b4f_icgraph.pdf, id=570, 337.26
pt x 100.375pt>
File: class_m_l_x90614_a6635121e11e44f85945d18bb81d85b4f_icgraph.pdf Graphic fi
le (type pdf)
<use class_m_l_x90614_a6635121e11e44f85945d18bb81d85b4f_icgraph.pdf>
Package pdftex.def Info: class_m_l_x90614_a6635121e11e44f85945d18bb81d85b4f_icg
raph.pdf used on input line 373.
(pdftex.def)             Requested size: 336.0pt x 100.00255pt.

Underfull \hbox (badness 10000) detected at line 388
[][][]
 []

[12 <D:/Users/jfitter/Documents/GitHub/MLX90614/latex/class_m_l_x90614_a7ba22b1
40f92bea70381cf3c495d4c72_cgraph.pdf> <D:/Users/jfitter/Documents/GitHub/MLX906
14/latex/class_m_l_x90614_a7ba22b140f92bea70381cf3c495d4c72_icgraph.pdf

pdfTeX warning: pdflatex (file D:/Users/jfitter/Documents/GitHub/MLX90614/latex
/class_m_l_x90614_a7ba22b140f92bea70381cf3c495d4c72_icgraph.pdf): PDF inclusion
: multiple pdfs with page group included in a single page
> <D:/Users/jfitter/Documents/GitHub/MLX90614/latex/class_m_l_x90614_a6635121e1
1e44f85945d18bb81d85b4f_icgraph.pdf

pdfTeX warning: pdflatex (file D:/Users/jfitter/Documents/GitHub/MLX90614/latex
/class_m_l_x90614_a6635121e11e44f85945d18bb81d85b4f_icgraph.pdf): PDF inclusion
: multiple pdfs with page group included in a single page
>]
Underfull \hbox (badness 10000) detected at line 392
[][][]
 []


<class_m_l_x90614_a44234371f1e9dd36781898d0c87fdbbf_cgraph.pdf, id=612, 602.25p
t x 100.375pt>
File: class_m_l_x90614_a44234371f1e9dd36781898d0c87fdbbf_cgraph.pdf Graphic fil
e (type pdf)
<use class_m_l_x90614_a44234371f1e9dd36781898d0c87fdbbf_cgraph.pdf>
Package pdftex.def Info: class_m_l_x90614_a44234371f1e9dd36781898d0c87fdbbf_cgr
aph.pdf used on input line 417.
(pdftex.def)             Requested size: 350.0pt x 58.33546pt.

Underfull \hbox (badness 10000) detected at line 432
[][][]
 []


<class_m_l_x90614_a8b50c1957a50c7dda5767fe881a7fa95_cgraph.pdf, id=620, 593.216
25pt x 100.375pt>
File: class_m_l_x90614_a8b50c1957a50c7dda5767fe881a7fa95_cgraph.pdf Graphic fil
e (type pdf)
<use class_m_l_x90614_a8b50c1957a50c7dda5767fe881a7fa95_cgraph.pdf>
Package pdftex.def Info: class_m_l_x90614_a8b50c1957a50c7dda5767fe881a7fa95_cgr
aph.pdf used on input line 462.
(pdftex.def)             Requested size: 350.0pt x 59.22379pt.
[13 <D:/Users/jfitter/Documents/GitHub/MLX90614/latex/class_m_l_x90614_a4423437
1f1e9dd36781898d0c87fdbbf_cgraph.pdf>]
Underfull \hbox (badness 10000) detected at line 477
[][][]
 []


Underfull \hbox (badness 10000) detected at line 480
[][][]
 []


<class_m_l_x90614_ac04578d67760dd73df4ed023d9b97896_cgraph.pdf, id=645, 590.205
pt x 100.375pt>
File: class_m_l_x90614_ac04578d67760dd73df4ed023d9b97896_cgraph.pdf Graphic fil
e (type pdf)
<use class_m_l_x90614_ac04578d67760dd73df4ed023d9b97896_cgraph.pdf>
Package pdftex.def Info: class_m_l_x90614_ac04578d67760dd73df4ed023d9b97896_cgr
aph.pdf used on input line 508.
(pdftex.def)             Requested size: 350.0pt x 59.52397pt.
[14 <D:/Users/jfitter/Documents/GitHub/MLX90614/latex/class_m_l_x90614_a8b50c19
57a50c7dda5767fe881a7fa95_cgraph.pdf>]
<class_m_l_x90614_a7bd321c53f70f4f3a96f7c6c7d4cb80e_icgraph.pdf, id=667, 331.23
75pt x 100.375pt>
File: class_m_l_x90614_a7bd321c53f70f4f3a96f7c6c7d4cb80e_icgraph.pdf Graphic fi
le (type pdf)
<use class_m_l_x90614_a7bd321c53f70f4f3a96f7c6c7d4cb80e_icgraph.pdf>
Package pdftex.def Info: class_m_l_x90614_a7bd321c53f70f4f3a96f7c6c7d4cb80e_icg
raph.pdf used on input line 529.
(pdftex.def)             Requested size: 330.0pt x 100.00409pt.

<class_m_l_x90614_a785e254cb6af386a7f23ebd427b50c81_icgraph.pdf, id=671, 346.29
375pt x 100.375pt>
File: class_m_l_x90614_a785e254cb6af386a7f23ebd427b50c81_icgraph.pdf Graphic fi
le (type pdf)
<use class_m_l_x90614_a785e254cb6af386a7f23ebd427b50c81_icgraph.pdf>
Package pdftex.def Info: class_m_l_x90614_a785e254cb6af386a7f23ebd427b50c81_icg
raph.pdf used on input line 550.
(pdftex.def)             Requested size: 345.0pt x 100.00255pt.
[15 <D:/Users/jfitter/Documents/GitHub/MLX90614/latex/class_m_l_x90614_ac04578d
67760dd73df4ed023d9b97896_cgraph.pdf> <D:/Users/jfitter/Documents/GitHub/MLX906
14/latex/class_m_l_x90614_a7bd321c53f70f4f3a96f7c6c7d4cb80e_icgraph.pdf

pdfTeX warning: pdflatex (file D:/Users/jfitter/Documents/GitHub/MLX90614/latex
/class_m_l_x90614_a7bd321c53f70f4f3a96f7c6c7d4cb80e_icgraph.pdf): PDF inclusion
: multiple pdfs with page group included in a single page
>]
Underfull \hbox (badness 10000) detected at line 568
[][][]
 []

[16 <D:/Users/jfitter/Documents/GitHub/MLX90614/latex/class_m_l_x90614_a785e254
cb6af386a7f23ebd427b50c81_icgraph.pdf>]
<class_m_l_x90614_ad7fb030682918c5c9ae6292962527b44_cgraph.pdf, id=739, 281.05p
t x 100.375pt>
File: class_m_l_x90614_ad7fb030682918c5c9ae6292962527b44_cgraph.pdf Graphic fil
e (type pdf)
<use class_m_l_x90614_ad7fb030682918c5c9ae6292962527b44_cgraph.pdf>
Package pdftex.def Info: class_m_l_x90614_ad7fb030682918c5c9ae6292962527b44_cgr
aph.pdf used on input line 628.
(pdftex.def)             Requested size: 280.0pt x 100.00562pt.

<class_m_l_x90614_ad7fb030682918c5c9ae6292962527b44_icgraph.pdf, id=740, 650.43
pt x 405.515pt>
File: class_m_l_x90614_ad7fb030682918c5c9ae6292962527b44_icgraph.pdf Graphic fi
le (type pdf)
<use class_m_l_x90614_ad7fb030682918c5c9ae6292962527b44_icgraph.pdf>
Package pdftex.def Info: class_m_l_x90614_ad7fb030682918c5c9ae6292962527b44_icg
raph.pdf used on input line 635.
(pdftex.def)             Requested size: 350.0pt x 218.21375pt.

Underfull \vbox (badness 10000) has occurred while \output is active []

[17 <D:/Users/jfitter/Documents/GitHub/MLX90614/latex/class_m_l_x90614_ad7fb030
682918c5c9ae6292962527b44_cgraph.pdf> <D:/Users/jfitter/Documents/GitHub/MLX906
14/latex/class_m_l_x90614_ad7fb030682918c5c9ae6292962527b44_icgraph.pdf

pdfTeX warning: pdflatex (file D:/Users/jfitter/Documents/GitHub/MLX90614/latex
/class_m_l_x90614_ad7fb030682918c5c9ae6292962527b44_icgraph.pdf): PDF inclusion
: multiple pdfs with page group included in a single page
>]
Underfull \hbox (badness 10000) detected at line 653
[][][]
 []


<class_m_l_x90614_aab0a010875527f4ac3d2794017624b10_cgraph.pdf, id=777, 440.646
26pt x 100.375pt>
File: class_m_l_x90614_aab0a010875527f4ac3d2794017624b10_cgraph.pdf Graphic fil
e (type pdf)
<use class_m_l_x90614_aab0a010875527f4ac3d2794017624b10_cgraph.pdf>
Package pdftex.def Info: class_m_l_x90614_aab0a010875527f4ac3d2794017624b10_cgr
aph.pdf used on input line 676.
(pdftex.def)             Requested size: 350.0pt x 79.7288pt.

<class_m_l_x90614_aab0a010875527f4ac3d2794017624b10_icgraph.pdf, id=778, 514.92
375pt x 329.23pt>
File: class_m_l_x90614_aab0a010875527f4ac3d2794017624b10_icgraph.pdf Graphic fi
le (type pdf)
<use class_m_l_x90614_aab0a010875527f4ac3d2794017624b10_icgraph.pdf>
Package pdftex.def Info: class_m_l_x90614_aab0a010875527f4ac3d2794017624b10_icg
raph.pdf used on input line 683.
(pdftex.def)             Requested size: 350.0pt x 223.78802pt.

Underfull \hbox (badness 10000) detected at line 698
[][][]
 []

[18 <D:/Users/jfitter/Documents/GitHub/MLX90614/latex/class_m_l_x90614_aab0a010
875527f4ac3d2794017624b10_cgraph.pdf> <D:/Users/jfitter/Documents/GitHub/MLX906
14/latex/class_m_l_x90614_aab0a010875527f4ac3d2794017624b10_icgraph.pdf

pdfTeX warning: pdflatex (file D:/Users/jfitter/Documents/GitHub/MLX90614/latex
/class_m_l_x90614_aab0a010875527f4ac3d2794017624b10_icgraph.pdf): PDF inclusion
: multiple pdfs with page group included in a single page
>]
<class_m_l_x90614_a352cc543f3e417d6318b6152d872db2e_cgraph.pdf, id=811, 572.137
5pt x 100.375pt>
File: class_m_l_x90614_a352cc543f3e417d6318b6152d872db2e_cgraph.pdf Graphic fil
e (type pdf)
<use class_m_l_x90614_a352cc543f3e417d6318b6152d872db2e_cgraph.pdf>
Package pdftex.def Info: class_m_l_x90614_a352cc543f3e417d6318b6152d872db2e_cgr
aph.pdf used on input line 723.
(pdftex.def)             Requested size: 350.0pt x 61.40324pt.

Underfull \hbox (badness 10000) detected at line 736
[][][]
 []


Underfull \hbox (badness 10000) detected at line 748
[][][]
 []


Underfull \hbox (badness 5119) in paragraph at lines 757--758
[]\T1/phv/m/n/10 References [], [], [], [], [], [],
 []

[19 <D:/Users/jfitter/Documents/GitHub/MLX90614/latex/class_m_l_x90614_a352cc54
3f3e417d6318b6152d872db2e_cgraph.pdf>]
<class_m_l_x90614_ab2a8bafff744a249325105d238bfe248_cgraph.pdf, id=857, 439.642
5pt x 176.66pt>
File: class_m_l_x90614_ab2a8bafff744a249325105d238bfe248_cgraph.pdf Graphic fil
e (type pdf)
<use class_m_l_x90614_ab2a8bafff744a249325105d238bfe248_cgraph.pdf>
Package pdftex.def Info: class_m_l_x90614_ab2a8bafff744a249325105d238bfe248_cgr
aph.pdf used on input line 782.
(pdftex.def)             Requested size: 350.0pt x 140.6435pt.

Underfull \hbox (badness 10000) detected at line 797
[][][]
 []

[20 <D:/Users/jfitter/Documents/GitHub/MLX90614/latex/class_m_l_x90614_ab2a8baf
ff744a249325105d238bfe248_cgraph.pdf>]
<class_m_l_x90614_a3d8646faede1c0adc667c54a0c95a7db_cgraph.pdf, id=885, 581.171
25pt x 138.5175pt>
File: class_m_l_x90614_a3d8646faede1c0adc667c54a0c95a7db_cgraph.pdf Graphic fil
e (type pdf)
<use class_m_l_x90614_a3d8646faede1c0adc667c54a0c95a7db_cgraph.pdf>
Package pdftex.def Info: class_m_l_x90614_a3d8646faede1c0adc667c54a0c95a7db_cgr
aph.pdf used on input line 842.
(pdftex.def)             Requested size: 350.0pt x 83.41971pt.

<class_m_l_x90614_a3d8646faede1c0adc667c54a0c95a7db_icgraph.pdf, id=886, 331.23
75pt x 100.375pt>
File: class_m_l_x90614_a3d8646faede1c0adc667c54a0c95a7db_icgraph.pdf Graphic fi
le (type pdf)
<use class_m_l_x90614_a3d8646faede1c0adc667c54a0c95a7db_icgraph.pdf>
Package pdftex.def Info: class_m_l_x90614_a3d8646faede1c0adc667c54a0c95a7db_icg
raph.pdf used on input line 849.
(pdftex.def)             Requested size: 330.0pt x 100.00409pt.

Underfull \hbox (badness 10000) detected at line 864
[][][]
 []

[21 <D:/Users/jfitter/Documents/GitHub/MLX90614/latex/class_m_l_x90614_a3d8646f
aede1c0adc667c54a0c95a7db_cgraph.pdf> <D:/Users/jfitter/Documents/GitHub/MLX906
14/latex/class_m_l_x90614_a3d8646faede1c0adc667c54a0c95a7db_icgraph.pdf

pdfTeX warning: pdflatex (file D:/Users/jfitter/Documents/GitHub/MLX90614/latex
/class_m_l_x90614_a3d8646faede1c0adc667c54a0c95a7db_icgraph.pdf): PDF inclusion
: multiple pdfs with page group included in a single page
>]
<class_m_l_x90614_ab7e462d10f8d26bdd55f77eb4c81a5ff_cgraph.pdf, id=918, 605.261
25pt x 138.5175pt>
File: class_m_l_x90614_ab7e462d10f8d26bdd55f77eb4c81a5ff_cgraph.pdf Graphic fil
e (type pdf)
<use class_m_l_x90614_ab7e462d10f8d26bdd55f77eb4c81a5ff_cgraph.pdf>
Package pdftex.def Info: class_m_l_x90614_ab7e462d10f8d26bdd55f77eb4c81a5ff_cgr
aph.pdf used on input line 895.
(pdftex.def)             Requested size: 350.0pt x 80.09924pt.

Underfull \hbox (badness 10000) detected at line 910
[][][]
 []

[22 <D:/Users/jfitter/Documents/GitHub/MLX90614/latex/class_m_l_x90614_ab7e462d
10f8d26bdd55f77eb4c81a5ff_cgraph.pdf>]
<class_m_l_x90614_a3849320b7988ca5882f25fbc87dd0de7_cgraph.pdf, id=946, 596.227
5pt x 138.5175pt>
File: class_m_l_x90614_a3849320b7988ca5882f25fbc87dd0de7_cgraph.pdf Graphic fil
e (type pdf)
<use class_m_l_x90614_a3849320b7988ca5882f25fbc87dd0de7_cgraph.pdf>
Package pdftex.def Info: class_m_l_x90614_a3849320b7988ca5882f25fbc87dd0de7_cgr
aph.pdf used on input line 952.
(pdftex.def)             Requested size: 350.0pt x 81.31245pt.

Underfull \hbox (badness 10000) detected at line 967
[][][]
 []


Underfull \hbox (badness 10000) in paragraph at lines 968--970

 []

[23 <D:/Users/jfitter/Documents/GitHub/MLX90614/latex/class_m_l_x90614_a3849320
b7988ca5882f25fbc87dd0de7_cgraph.pdf>]
<class_m_l_x90614_af62b9d897164375e8c17fb5a8d367600_cgraph.pdf, id=972, 593.216
25pt x 138.5175pt>
File: class_m_l_x90614_af62b9d897164375e8c17fb5a8d367600_cgraph.pdf Graphic fil
e (type pdf)
<use class_m_l_x90614_af62b9d897164375e8c17fb5a8d367600_cgraph.pdf>
Package pdftex.def Info: class_m_l_x90614_af62b9d897164375e8c17fb5a8d367600_cgr
aph.pdf used on input line 1017.
(pdftex.def)             Requested size: 350.0pt x 81.72884pt.
[24 <D:/Users/jfitter/Documents/GitHub/MLX90614/latex/class_m_l_x90614_af62b9d8
97164375e8c17fb5a8d367600_cgraph.pdf>]
<class_m_l_x90614_a18cf4b5a62e225e8530a1e0f641ea027_cgraph.pdf, id=1007, 282.05
376pt x 100.375pt>
File: class_m_l_x90614_a18cf4b5a62e225e8530a1e0f641ea027_cgraph.pdf Graphic fil
e (type pdf)
<use class_m_l_x90614_a18cf4b5a62e225e8530a1e0f641ea027_cgraph.pdf>
Package pdftex.def Info: class_m_l_x90614_a18cf4b5a62e225e8530a1e0f641ea027_cgr
aph.pdf used on input line 1080.
(pdftex.def)             Requested size: 281.0pt x 100.00716pt.

<class_m_l_x90614_a18cf4b5a62e225e8530a1e0f641ea027_icgraph.pdf, id=1008, 651.4
3375pt x 214.8025pt>
File: class_m_l_x90614_a18cf4b5a62e225e8530a1e0f641ea027_icgraph.pdf Graphic fi
le (type pdf)
<use class_m_l_x90614_a18cf4b5a62e225e8530a1e0f641ea027_icgraph.pdf>
Package pdftex.def Info: class_m_l_x90614_a18cf4b5a62e225e8530a1e0f641ea027_icg
raph.pdf used on input line 1087.
(pdftex.def)             Requested size: 350.0pt x 115.41148pt.

Underfull \hbox (badness 10000) detected at line 1100
[][][]
 []


Overfull \vbox (5.51735pt too high) has occurred while \output is active []

[25 <D:/Users/jfitter/Documents/GitHub/MLX90614/latex/class_m_l_x90614_a18cf4b5
a62e225e8530a1e0f641ea027_cgraph.pdf> <D:/Users/jfitter/Documents/GitHub/MLX906
14/latex/class_m_l_x90614_a18cf4b5a62e225e8530a1e0f641ea027_icgraph.pdf

pdfTeX warning: pdflatex (file D:/Users/jfitter/Documents/GitHub/MLX90614/latex
/class_m_l_x90614_a18cf4b5a62e225e8530a1e0f641ea027_icgraph.pdf): PDF inclusion
: multiple pdfs with page group included in a single page
>]
<class_m_l_x90614_a70b3e428c623b6af5bedf199f5c16490_cgraph.pdf, id=1051, 443.65
75pt x 138.5175pt>
File: class_m_l_x90614_a70b3e428c623b6af5bedf199f5c16490_cgraph.pdf Graphic fil
e (type pdf)
<use class_m_l_x90614_a70b3e428c623b6af5bedf199f5c16490_cgraph.pdf>
Package pdftex.def Info: class_m_l_x90614_a70b3e428c623b6af5bedf199f5c16490_cgr
aph.pdf used on input line 1153.
(pdftex.def)             Requested size: 350.0pt x 109.27544pt.

<class_m_l_x90614_a70b3e428c623b6af5bedf199f5c16490_icgraph.pdf, id=1052, 516.9
3124pt x 214.8025pt>
File: class_m_l_x90614_a70b3e428c623b6af5bedf199f5c16490_icgraph.pdf Graphic fi
le (type pdf)
<use class_m_l_x90614_a70b3e428c623b6af5bedf199f5c16490_icgraph.pdf>
Package pdftex.def Info: class_m_l_x90614_a70b3e428c623b6af5bedf199f5c16490_icg
raph.pdf used on input line 1160.
(pdftex.def)             Requested size: 350.0pt x 145.44101pt.
[26 <D:/Users/jfitter/Documents/GitHub/MLX90614/latex/class_m_l_x90614_a70b3e42
8c623b6af5bedf199f5c16490_cgraph.pdf> <D:/Users/jfitter/Documents/GitHub/MLX906
14/latex/class_m_l_x90614_a70b3e428c623b6af5bedf199f5c16490_icgraph.pdf

pdfTeX warning: pdflatex (file D:/Users/jfitter/Documents/GitHub/MLX90614/latex
/class_m_l_x90614_a70b3e428c623b6af5bedf199f5c16490_icgraph.pdf): PDF inclusion
: multiple pdfs with page group included in a single page
>] [27]) (D:\Users\jfitter\Documents\GitHub\MLX90614\latex\_crc8_8cpp.tex <_crc
8_8cpp__incl.pdf, id=1136, 151.56625pt x 212.795pt>
File: _crc8_8cpp__incl.pdf Graphic file (type pdf)
<use _crc8_8cpp__incl.pdf>
Package pdftex.def Info: _crc8_8cpp__incl.pdf used on input line 13.
(pdftex.def)             Requested size: 151.0pt x 212.0022pt.
[28 <D:/Users/jfitter/Documents/GitHub/MLX90614/latex/_crc8_8cpp__incl.pdf>]
Underfull \hbox (badness 10000) detected at line 21
[][][]
 []


Underfull \hbox (badness 10000) detected at line 24
[][][]
 []


Underfull \hbox (badness 10000) detected at line 27
[][][]
 []


Underfull \hbox (badness 10000) detected at line 30
[][][]
 []


Underfull \hbox (badness 10000) detected at line 33
[][][]
 []


Underfull \hbox (badness 10000) detected at line 36
[][][]
 []


Underfull \hbox (badness 10000) detected at line 39
[][][]
 []

) (D:\Users\jfitter\Documents\GitHub\MLX90614\latex\_crc8_8cpp_source.tex [29])
(D:\Users\jfitter\Documents\GitHub\MLX90614\latex\_crc8_8h.tex <_crc8_8h__incl.
pdf, id=1171, 151.56625pt x 156.585pt>
File: _crc8_8h__incl.pdf Graphic file (type pdf)
<use _crc8_8h__incl.pdf>
Package pdftex.def Info: _crc8_8h__incl.pdf used on input line 13.
(pdftex.def)             Requested size: 151.0pt x 156.00162pt.
<_crc8_8h__dep__incl.pdf, id=1172, 280.04625pt x 212.795pt>
File: _crc8_8h__dep__incl.pdf Graphic file (type pdf)
<use _crc8_8h__dep__incl.pdf>
Package pdftex.def Info: _crc8_8h__dep__incl.pdf used on input line 20.
(pdftex.def)             Requested size: 279.0pt x 212.00868pt.
[30 <D:/Users/jfitter/Documents/GitHub/MLX90614/latex/_crc8_8h__incl.pdf>]
Underfull \hbox (badness 10000) detected at line 38
[][][]
 []


Underfull \hbox (badness 10000) detected at line 41
[][][]
 []


Underfull \hbox (badness 10000) detected at line 44
[][][]
 []


Underfull \hbox (badness 10000) detected at line 47
[][][]
 []


Underfull \hbox (badness 10000) detected at line 50
[][][]
 []


Underfull \hbox (badness 10000) detected at line 53
[][][]
 []


Underfull \hbox (badness 10000) detected at line 56
[][][]
 []

[31 <D:/Users/jfitter/Documents/GitHub/MLX90614/latex/_crc8_8h__dep__incl.pdf>]
) (D:\Users\jfitter\Documents\GitHub\MLX90614\latex\_crc8_8h_source.tex [32]) (
D:\Users\jfitter\Documents\GitHub\MLX90614\latex\_melexis_test_8ino.tex
Underfull \hbox (badness 10000) in paragraph at lines 5--6

 []

<_melexis_test_8ino__incl.pdf, id=1225, 372.39125pt x 269.005pt>
File: _melexis_test_8ino__incl.pdf Graphic file (type pdf)
<use _melexis_test_8ino__incl.pdf>
Package pdftex.def Info: _melexis_test_8ino__incl.pdf used on input line 17.
(pdftex.def)             Requested size: 350.0pt x 252.84009pt.
[33 <D:/Users/jfitter/Documents/GitHub/MLX90614/latex/_melexis_test_8ino__incl.
pdf>]
Underfull \hbox (badness 10000) in paragraph at lines 58--59

 []


Underfull \hbox (badness 10000) detected at line 63
[][][]
 []


Underfull \hbox (badness 10000) in paragraph at lines 66--67

 []


Underfull \hbox (badness 10000) detected at line 67
[][][]
 []


Underfull \hbox (badness 10000) in paragraph at lines 68--69

 []


Underfull \hbox (badness 10000) detected at line 71
[][][]
 []


Underfull \hbox (badness 10000) in paragraph at lines 72--73

 []


Underfull \hbox (badness 10000) detected at line 75
[][][]
 []


Underfull \hbox (badness 10000) in paragraph at lines 76--77

 []


Underfull \hbox (badness 10000) detected at line 79
[][][]
 []


Underfull \hbox (badness 10000) detected at line 82
[][][]
 []

[34]
Underfull \hbox (badness 10000) detected at line 85
[][][]
 []


Underfull \hbox (badness 10000) detected at line 88
[][][]
 []


Underfull \hbox (badness 10000) detected at line 115
[][][]
 []

[35] [36] [37]
<_melexis_test_8ino_a3906dd03c261bb9c83de87b9988e91ce_icgraph.pdf, id=1317, 218
.8175pt x 100.375pt>
File: _melexis_test_8ino_a3906dd03c261bb9c83de87b9988e91ce_icgraph.pdf Graphic 
file (type pdf)
<use _melexis_test_8ino_a3906dd03c261bb9c83de87b9988e91ce_icgraph.pdf>
Package pdftex.def Info: _melexis_test_8ino_a3906dd03c261bb9c83de87b9988e91ce_i
cgraph.pdf used on input line 241.
(pdftex.def)             Requested size: 218.0pt x 100.00102pt.

Underfull \hbox (badness 10000) detected at line 254
[][][]
 []

[38 <D:/Users/jfitter/Documents/GitHub/MLX90614/latex/_melexis_test_8ino_a3906d
d03c261bb9c83de87b9988e91ce_icgraph.pdf>])
(D:\Users\jfitter\Documents\GitHub\MLX90614\latex\_melexis_test_8ino_source.tex
[39]
Underfull \vbox (badness 10000) has occurred while \output is active []

[40]) (D:\Users\jfitter\Documents\GitHub\MLX90614\latex\_m_l_x90614_8cpp.tex <_
m_l_x90614_8cpp__incl.pdf, id=1411, 283.0575pt x 269.005pt>
File: _m_l_x90614_8cpp__incl.pdf Graphic file (type pdf)
<use _m_l_x90614_8cpp__incl.pdf>
Package pdftex.def Info: _m_l_x90614_8cpp__incl.pdf used on input line 13.
(pdftex.def)             Requested size: 282.0pt x 268.0233pt.

Underfull \vbox (badness 10000) has occurred while \output is active []

[41]
Underfull \hbox (badness 10000) detected at line 21
[][][]
 []


Underfull \hbox (badness 10000) detected at line 24
[][][]
 []


Underfull \hbox (badness 10000) detected at line 29
[][][]
 []


Underfull \hbox (badness 10000) detected at line 32
[][][]
 []


Underfull \hbox (badness 10000) detected at line 35
[][][]
 []


Underfull \hbox (badness 10000) detected at line 38
[][][]
 []


Underfull \hbox (badness 10000) detected at line 41
[][][]
 []


Underfull \hbox (badness 10000) detected at line 44
[][][]
 []

[42 <D:/Users/jfitter/Documents/GitHub/MLX90614/latex/_m_l_x90614_8cpp__incl.pd
f>]
Underfull \hbox (badness 10000) detected at line 47
[][][]
 []


Underfull \hbox (badness 10000) detected at line 50
[][][]
 []

) (D:\Users\jfitter\Documents\GitHub\MLX90614\latex\_m_l_x90614_8cpp_source.tex
[43]
Underfull \vbox (badness 10000) has occurred while \output is active []

[44]
Underfull \vbox (badness 10000) has occurred while \output is active []

[45]
Underfull \vbox (badness 10000) has occurred while \output is active []

[46]
Underfull \vbox (badness 10000) has occurred while \output is active []

[47]) [48] (D:\Users\jfitter\Documents\GitHub\MLX90614\latex\refman.ind)
Package atveryend Info: Empty hook `BeforeClearDocument' on input line 167.
Package atveryend Info: Empty hook `AfterLastShipout' on input line 167.
(D:\Users\jfitter\Documents\GitHub\MLX90614\latex\refman.aux)
Package atveryend Info: Executing hook `AtVeryEndDocument' on input line 167.
Package atveryend Info: Executing hook `AtEndAfterFileList' on input line 167.
Package rerunfilecheck Info: File `refman.out' has not changed.
(rerunfilecheck)             Checksum: A7C231B0234923331A3080BDB1F01D03;6678.

LaTeX Font Warning: Some font shapes were not available, defaults substituted.


LaTeX Warning: There were undefined references.

Package atveryend Info: Empty hook `AtVeryVeryEnd' on input line 167.
 ) 
Here is how much of TeX's memory you used:
 15153 strings out of 493921
 228882 string characters out of 3147276
 308312 words of memory out of 3000000
 17828 multiletter control sequences out of 15000+200000
 56609 words of font info for 79 fonts, out of 3000000 for 9000
 841 hyphenation exceptions out of 8191
 53i,16n,92p,1719b,633s stack positions out of 5000i,500n,10000p,200000b,50000s
pdfTeX warning (dest): name{_m_l_x90614_8h_source_l00131} has been referenced
 but does not exist, replaced by a fixed one

pdfTeX warning (dest): name{_m_l_x90614_8h_source_l00130} has been referenced b
ut does not exist, replaced by a fixed one

pdfTeX warning (dest): name{_m_l_x90614_8h_source_l00136} has been referenced b
ut does not exist, replaced by a fixed one

pdfTeX warning (dest): name{_m_l_x90614_8h_source_l00135} has been referenced b
ut does not exist, replaced by a fixed one

pdfTeX warning (dest): name{_m_l_x90614_8h_source_l00148} has been referenced b
ut does not exist, replaced by a fixed one

pdfTeX warning (dest): name{_m_l_x90614_8h_source_l00147} has been referenced b
ut does not exist, replaced by a fixed one

pdfTeX warning (dest): name{_m_l_x90614_8h_source_l00146} has been referenced b
ut does not exist, replaced by a fixed one

pdfTeX warning (dest): name{_m_l_x90614_8h_source_l00124} has been referenced b
ut does not exist, replaced by a fixed one

pdfTeX warning (dest): name{_m_l_x90614_8h_source_l00126} has been referenced b
ut does not exist, replaced by a fixed one

pdfTeX warning (dest): name{_m_l_x90614_8h_source_l00153} has been referenced b
ut does not exist, replaced by a fixed one

pdfTeX warning (dest): name{_m_l_x90614_8h_source_l00155} has been referenced b
ut does not exist, replaced by a fixed one

pdfTeX warning (dest): name{_m_l_x90614_8h_source_l00154} has been referenced b
ut does not exist, replaced by a fixed one

pdfTeX warning (dest): name{_m_l_x90614_8h_source_l00125} has been referenced b
ut does not exist, replaced by a fixed one

pdfTeX warning (dest): name{_m_l_x90614_8h_source_l00123} has been referenced b
ut does not exist, replaced by a fixed one

pdfTeX warning (dest): name{_m_l_x90614_8h_source_l00145} has been referenced b
ut does not exist, replaced by a fixed one

pdfTeX warning (dest): name{_m_l_x90614_8h_source_l00129} has been referenced b
ut does not exist, replaced by a fixed one

pdfTeX warning (dest): name{_m_l_x90614_8h_source_l00134} has been referenced b
ut does not exist, replaced by a fixed one

pdfTeX warning (dest): name{_m_l_x90614_8h_source_l00104} has been referenced b
ut does not exist, replaced by a fixed one

pdfTeX warning (dest): name{_m_l_x90614_8h_source} has been referenced but does
 not exist, replaced by a fixed one

{d:/Program Files/MiKTeX 2.9/fonts/enc/dvips/fontname/8r.enc}<d:/Program Files/
MiKTeX 2.9/fonts/type1/public/amsfonts/cm/cmmi10.pfb><d:/Program Files/MiKTeX 2
.9/fonts/type1/public/amsfonts/cm/cmmi7.pfb><d:/Program Files/MiKTeX 2.9/fonts/
type1/public/amsfonts/cm/cmmi8.pfb><d:/Program Files/MiKTeX 2.9/fonts/type1/pub
lic/amsfonts/cm/cmsy10.pfb><d:/Program Files/MiKTeX 2.9/fonts/type1/public/amsf
onts/cm/cmsy7.pfb><d:/Program Files/MiKTeX 2.9/fonts/type1/public/amsfonts/cm/c
msy8.pfb><d:/Program Files/MiKTeX 2.9/fonts/type1/urw/courier/ucrr8a.pfb><d:/Pr
ogram Files/MiKTeX 2.9/fonts/type1/urw/courier/ucrro8a.pfb><d:/Program Files/Mi
KTeX 2.9/fonts/type1/urw/helvetic/uhvb8a.pfb><d:/Program Files/MiKTeX 2.9/fonts
/type1/urw/helvetic/uhvb8ac.pfb><d:/Program Files/MiKTeX 2.9/fonts/type1/urw/he
lvetic/uhvr8a.pfb><d:/Program Files/MiKTeX 2.9/fonts/type1/urw/helvetic/uhvro8a
.pfb>
Output written on refman.pdf (49 pages, 918943 bytes).
PDF statistics:
 1708 PDF objects out of 1728 (max. 8388607)
 316 named destinations out of 1000 (max. 500000)
 448 words of extra memory for PDF output out of 10000 (max. 10000000)

